2018-09-06 12:16:36[DEBUG][29]file code change sucess ,content:{"format":"example1","content":[{"align":"l蹇"}]}


{"format":"example1","content":[{"align":"l蹇"}]}

2018-09-06 12:16:36[DEBUG][29]file code change sucess ,content:{"format":"this is the same line"}
{"format":"example1","content":[{"align":"center"}]}
{"format":"this is the same line"}
{"format":"this is the same line"}

2018-09-06 12:18:58[DEBUG][29]file code change sucess ,content:{"format":"example1","content":[{"align":"l蹇"}]}


{"format":"example1","content":[{"align":"l蹇"}]}

2018-09-06 12:18:58[DEBUG][29]file code change sucess ,content:{"format":"this is the same line"}
{"format":"example1","content":[{"align":"center"}]}
{"format":"this is the same line"}
{"format":"this is the same line"}

2018-09-06 12:28:56[DEBUG][29]file code change sucess ,content:{"format":"example1","content":[{"align":"l蹇"}]}


{"format":"example1","content":[{"align":"l蹇"}]}

2018-09-06 12:28:56[DEBUG][29]file code change sucess ,content:{"format":"this is the same line"}
{"format":"example1","content":[{"align":"center"}]}
{"format":"this is the same line"}
{"format":"this is the same line"}

2018-09-06 12:30:05[DEBUG][29]file code change sucess ,content:{"format":"example1","content":[{"align":"l蹇"}]}


{"format":"example1","content":[{"align":"l蹇"}]}

2018-09-06 12:30:05[DEBUG][29]file code change sucess ,content:{"format":"this is the same line"}
{"format":"example1","content":[{"align":"center"}]}
{"format":"this is the same line"}
{"format":"this is the same line"}

2018-09-07 08:16:00[DEBUG][29]file code change sucess ,content:{"format":"example1","content":[{"align":"l蹇"}]}


{"format":"example1","content":[{"align":"l蹇"}]}

2018-09-07 08:16:00[DEBUG][29]file code change sucess ,content:{"format":"this is the same line"}
{"format":"example1","content":[{"align":"center"}]}
{"format":"this is the same line"}
{"format":"this is the same line"}

2018-09-07 08:17:47[DEBUG][29]file code change sucess ,content:{"format":"example1","content":[{"align":"l蹇"}]}


{"format":"example1","content":[{"align":"l蹇"}]}

2018-09-07 08:17:47[DEBUG][29]file code change sucess ,content:{"format":"this is the same line"}
{"format":"example1","content":[{"align":"center"}]}
{"format":"this is the same line"}
{"format":"this is the same line"}

2018-09-07 08:19:28[DEBUG][29]file code change sucess ,content:{"format":"example1","content":[{"align":"l蹇"}]}


{"format":"example1","content":[{"align":"l蹇"}]}

2018-09-07 08:19:28[DEBUG][29]file code change sucess ,content:{"format":"this is the same line"}
{"format":"example1","content":[{"align":"center"}]}
{"format":"this is the same line"}
{"format":"this is the same line"}

2018-09-07 08:22:44[DEBUG][29]file code change sucess ,content:{"format":"example1","content":[{"align":"l蹇"}]}


{"format":"example1","content":[{"align":"l蹇"}]}

2018-09-07 08:22:44[DEBUG][29]file code change sucess ,content:{"format":"this is the same line"}
{"format":"example1","content":[{"align":"center"}]}
{"format":"this is the same line"}
{"format":"this is the same line"}

2018-09-07 08:29:24[DEBUG][29]file code change sucess ,content:{"format":"example1","content":[{"align":"l蹇"}]}


{"format":"example1","content":[{"align":"l蹇"}]}

2018-09-07 08:29:24[DEBUG][29]file code change sucess ,content:{"format":"this is the same line"}
{"format":"example1","content":[{"align":"center"}]}
{"format":"this is the same line"}
{"format":"this is the same line"}

2018-09-07 08:29:44[DEBUG][29]file code change sucess ,content:{"format":"example1","content":[{"align":"l蹇"}]}


{"format":"example1","content":[{"align":"l蹇"}]}

2018-09-07 08:29:44[DEBUG][29]file code change sucess ,content:{"format":"this is the same line"}
{"format":"example1","content":[{"align":"center"}]}
{"format":"this is the same line"}
{"format":"this is the same line"}

2018-09-07 08:29:56[DEBUG][29]file code change sucess ,content:{"format":"example1","content":[{"align":"l李志"}]}


{"format":"example1","content":[{"align":"l李志"}]}

2018-09-07 08:29:56[DEBUG][29]file code change sucess ,content:{"format":"this is the same line"}
{"format":"example1","content":[{"align":"center"}]}
{"format":"this is the same line"}
{"format":"this is the same line"}

2018-09-07 08:30:32[DEBUG][30]file code change sucess ,content:{"format":"example1","content":[{"align":"l李志"}]}


{"format":"example1","content":[{"align":"l李志"}]}

2018-09-07 08:30:32[DEBUG][30]file code change sucess ,content:{"format":"this is the same line"}
{"format":"example1","content":[{"align":"center"}]}
{"format":"this is the same line"}
{"format":"this is the same line"}

2018-09-07 08:33:05[DEBUG][30]file code change sucess ,content:{"format":"example1","content":[{"align":"l李志"}]}


{"format":"example1","content":[{"align":"l李志"}]}

2018-09-07 08:33:05[DEBUG][30]file code change sucess ,content:{"format":"this is the same line"}
{"format":"example1","content":[{"align":"center"}]}
{"format":"this is the same line"}
{"format":"this is the same line"}

2018-09-07 08:33:21[DEBUG][30]file code change sucess ,content:{"format":"example1","content":[{"align":"l蹇"}]}


{"format":"example1","content":[{"align":"l蹇"}]}

2018-09-07 08:33:21[DEBUG][30]file code change sucess ,content:{"format":"this is the same line"}
{"format":"example1","content":[{"align":"center"}]}
{"format":"this is the same line"}
{"format":"this is the same line"}

2018-09-07 08:34:33[DEBUG][30]file code change sucess ,content:{"format":"example1","content":[{"align":"l蹇"}]}


{"format":"example1","content":[{"align":"l蹇"}]}

2018-09-07 08:34:33[DEBUG][30]file code change sucess ,content:{"format":"this is the same line"}
{"format":"example1","content":[{"align":"center"}]}
{"format":"this is the same line"}
{"format":"this is the same line"}

2018-09-07 08:34:46[DEBUG][30]file code change sucess ,content:{"format":"example1","content":[{"align":"l李志"}]}


{"format":"example1","content":[{"align":"l李志"}]}

2018-09-07 08:34:46[DEBUG][30]file code change sucess ,content:{"format":"this is the same line"}
{"format":"example1","content":[{"align":"center"}]}
{"format":"this is the same line"}
{"format":"this is the same line"}

2018-09-07 08:36:15[DEBUG][30]file code change sucess ,content:{"format":"example1","content":[{"align":"l李志"}]}


{"format":"example1","content":[{"align":"l李志"}]}

2018-09-07 08:36:15[DEBUG][30]file code change sucess ,content:{"format":"this is the same line"}
{"format":"example1","content":[{"align":"center"}]}
{"format":"this is the same line"}
{"format":"this is the same line"}

2018-09-07 08:36:28[DEBUG][30]file code change sucess ,content:{"format":"example1","content":[{"align":"l蹇"}]}


{"format":"example1","content":[{"align":"l蹇"}]}

2018-09-07 08:36:28[DEBUG][30]file code change sucess ,content:{"format":"this is the same line"}
{"format":"example1","content":[{"align":"center"}]}
{"format":"this is the same line"}
{"format":"this is the same line"}

2018-09-07 09:32:33[DEBUG][31]file code change sucess ,content:{"format":"example1","content":[{"align":"l蹇"}]}


{"format":"example1","content":[{"align":"l蹇"}]}

2018-09-07 09:32:33[DEBUG][31]file code change sucess ,content:{"format":"this is the same line"}
{"format":"example1","content":[{"align":"center"}]}
{"format":"this is the same line"}
{"format":"this is the same line"}

2018-09-07 09:33:37[DEBUG][31]file code change sucess ,content:{"format":"example1","content":[{"align":"l蹇"}]}


{"format":"example1","content":[{"align":"l蹇"}]}

2018-09-07 09:33:37[DEBUG][31]file code change sucess ,content:{"format":"this is the same line"}
{"format":"example1","content":[{"align":"center"}]}
{"format":"this is the same line"}
{"format":"this is the same line"}

2018-09-07 09:33:57[DEBUG][31]file code change sucess ,content:{"format":"example1","content":[{"align":"l蹇"}]}


{"format":"example1","content":[{"align":"l蹇"}]}

2018-09-07 09:33:57[DEBUG][31]file code change sucess ,content:{"format":"this is the same line"}
{"format":"example1","content":[{"align":"center"}]}
{"format":"this is the same line"}
{"format":"this is the same line"}

2018-09-07 09:34:46[DEBUG][31]file code change sucess ,content:{"format":"example1","content":[{"align":"l蹇"}]}


{"format":"example1","content":[{"align":"l蹇"}]}

2018-09-07 09:34:46[DEBUG][31]file code change sucess ,content:{"format":"this is the same line"}
{"format":"example1","content":[{"align":"center"}]}
{"format":"this is the same line"}
{"format":"this is the same line"}

2018-09-07 09:35:05[DEBUG][31]file code change sucess ,content:{"format":"example1","content":[{"align":"l蹇"}]}


{"format":"example1","content":[{"align":"l蹇"}]}

2018-09-07 09:35:05[DEBUG][31]file code change sucess ,content:{"format":"this is the same line"}
{"format":"example1","content":[{"align":"center"}]}
{"format":"this is the same line"}
{"format":"this is the same line"}

2018-09-07 09:35:17[DEBUG][31]file code change sucess ,content:{"format":"example1","content":[{"align":"l蹇"}]}


{"format":"example1","content":[{"align":"l蹇"}]}

2018-09-07 09:35:17[DEBUG][31]file code change sucess ,content:{"format":"this is the same line"}
{"format":"example1","content":[{"align":"center"}]}
{"format":"this is the same line"}
{"format":"this is the same line"}

2018-09-07 09:35:35[DEBUG][31]file code change sucess ,content:{"format":"example1","content":[{"align":"l蹇"}]}


{"format":"example1","content":[{"align":"l蹇"}]}

2018-09-07 09:35:35[DEBUG][31]file code change sucess ,content:{"format":"this is the same line"}
{"format":"example1","content":[{"align":"center"}]}
{"format":"this is the same line"}
{"format":"this is the same line"}

2018-09-07 09:36:43[DEBUG][34]file code not change :{"format":"example1","content":[{"align":"l蹇"}]}


{"format":"example1","content":[{"align":"l蹇"}]}

2018-09-07 09:36:43[DEBUG][34]file code not change :{"format":"this is the same line"}
{"format":"example1","content":[{"align":"center"}]}
{"format":"this is the same line"}
{"format":"this is the same line"}

2018-09-07 09:38:20[DEBUG][31]file code change sucess ,content:{"format":"example1","content":[{"align":"l李志"}]}


{"format":"example1","content":[{"align":"l李志"}]}

2018-09-07 09:38:20[DEBUG][31]file code change sucess ,content:{"format":"this is the same line"}
{"format":"example1","content":[{"align":"center"}]}
{"format":"this is the same line"}
{"format":"this is the same line"}

2018-09-07 10:05:21[DEBUG][31]file code change sucess ,content:{"format":"example1","content":[{"align":"l李志"}]}


{"format":"example1","content":[{"align":"l李志"}]}

2018-09-07 10:05:21[DEBUG][31]file code change sucess ,content:{"format":"this is the same line"}
{"format":"example1","content":[{"align":"center"}]}
{"format":"this is the same line"}
{"format":"this is the same line"}

2018-09-07 10:20:43[DEBUG][31]code change sucess ,content:
2018-09-07 10:20:43[DEBUG][31]code change sucess ,content:{"format":"this is the same line"}
{"format":"example1","content":[{"align":"center"}]}
{"format":"this is the same line"}
{"format":"this is the same line"}

2018-09-07 10:30:28[DEBUG][31]code change sucess ,content:
2018-09-07 10:30:28[DEBUG][31]code change sucess ,content:{"format":"this is the same line"}
{"format":"example1","content":[{"align":"center"}]}
{"format":"this is the same line"}
{"format":"this is the same line"}

2018-09-07 10:36:05[DEBUG][31]code change sucess ,content:{"format":"this is the same line"}
{"format":"example1","content":[{"align":"center"}]}
{"format":"this is the same line"}
{"format":"this is the same line"}

2018-09-07 10:36:05[DEBUG][31]code change sucess ,content:{"format":"this is the same line"}
{"format":"example1","content":[{"align":"center"}]}
{"format":"this is the same line"}
{"format":"this is the same line"}

2018-09-07 10:36:49[DEBUG][31]code change sucess ,content:{"format":"this is the same line"}
{"format":"example1","content":[{"align":"center"}]}
{"format":"this is the same line"}
{"format":"this is the same line"}

2018-09-07 10:36:49[DEBUG][31]code change sucess ,content:{"format":"this is the same line"}
{"format":"example1","content":[{"align":"center"}]}
{"format":"this is the same line"}
{"format":"this is the same line"}

2018-09-07 10:39:09[DEBUG][31]code change sucess ,content:{"format":"this is the same line"}
{"format":"example1","content":[{"align":"center"}]}
{"format":"this is the same line"}
{"format":"this is the same line"}

2018-09-07 10:39:09[DEBUG][31]code change sucess ,content:{"format":"this is the same line"}
{"format":"example1","content":[{"align":"center"}]}
{"format":"this is the same line"}
{"format":"this is the same line"}

2018-09-07 10:39:27[DEBUG][29]code change sucess ,content:{"format":"this is the same line"}
{"format":"example1","content":[{"align":"center"}]}
{"format":"this is the same line"}
{"format":"this is the same line"}

2018-09-07 10:39:27[DEBUG][29]code change sucess ,content:{"format":"this is the same line"}
{"format":"example1","content":[{"align":"center"}]}
{"format":"this is the same line"}
{"format":"this is the same line"}

2018-09-07 10:39:46[DEBUG][29]code change sucess ,content:{"format":"this is the same line"}
{"format":"example1","content":[{"align":"center"}]}
{"format":"this is the same line"}
{"format":"this is the same line"}

2018-09-07 10:39:46[DEBUG][29]code change sucess ,content:{"format":"this is the same line"}
{"format":"example1","content":[{"align":"center"}]}
{"format":"this is the same line"}
{"format":"this is the same line"}

2018-09-07 10:40:05[DEBUG][29]code change sucess ,content:{"format":"this is the same line"}
{"format":"example1","content":[{"align":"center"}]}
{"format":"this is the same line"}
{"format":"this is the same line"}

2018-09-07 10:40:05[DEBUG][29]code change sucess ,content:{"format":"this is the same line"}
{"format":"example1","content":[{"align":"center"}]}
{"format":"this is the same line"}
{"format":"this is the same line"}

2018-09-07 10:40:27[DEBUG][29]code change sucess ,content:{"format":"this is the same line"}
{"format":"example1","content":[{"align":"center"}]}
{"format":"this is the same line"}
{"format":"this is the same line"}

2018-09-07 10:40:27[DEBUG][29]code change sucess ,content:{"format":"this is the same line"}
{"format":"example1","content":[{"align":"center"}]}
{"format":"this is the same line"}
{"format":"this is the same line"}

2018-09-07 10:41:16[DEBUG][29]code change sucess ,content:{"format":"this is the same line"}
{"format":"example1","content":[{"align":"center"}]}
{"format":"this is the same line"}
{"format":"this is the same line"}

2018-09-07 10:41:16[DEBUG][29]code change sucess ,content:{"format":"this is the same line"}
{"format":"example1","content":[{"align":"center"}]}
{"format":"this is the same line"}
{"format":"this is the same line"}

2018-09-07 10:41:25[DEBUG][29]code change sucess ,content:{"format":"this is the same line"}
{"format":"example1","content":[{"align":"center"}]}
{"format":"this is the same line"}
{"format":"this is the same line"}

2018-09-07 10:41:25[DEBUG][29]code change sucess ,content:{"format":"this is the same line"}
{"format":"example1","content":[{"align":"center"}]}
{"format":"this is the same line"}
{"format":"this is the same line"}

2018-09-07 10:44:27[DEBUG][29]code change sucess ,content:{"format":"this is the same line"}
{"format":"example1","content":[{"align":"center"}]}
{"format":"this is the same line"}
{"format":"this is the same line"}

2018-09-07 10:44:27[DEBUG][29]code change sucess ,content:{"format":"this is the same line"}
{"format":"example1","content":[{"align":"center"}]}
{"format":"this is the same line"}
{"format":"this is the same line"}

2018-09-07 10:45:03[DEBUG][29]code change sucess ,content:{"format":"this is the same line"}
{"format":"example1","content":[{"align":"center"}]}
{"format":"this is the same line"}
{"format":"this is the same line"}

2018-09-07 10:45:03[DEBUG][29]code change sucess ,content:{"format":"example1","content":[{"align":"center"}]}
{"format":"this is the same line"}
{"format":"this is the same line"}
{"format":"this is the same line"}

2018-09-07 10:45:11[DEBUG][29]code change sucess ,content:{"format":"this is the same line"}
{"format":"example1","content":[{"align":"center"}]}
{"format":"this is the same line"}
{"format":"this is the same line"}

2018-09-07 10:45:11[DEBUG][29]code change sucess ,content:{"format":"example1","content":[{"align":"center"}]}
{"format":"this is the same line"}
{"format":"this is the same line"}
{"format":"this is the same line"}

2018-09-07 10:48:38[DEBUG][29]code change sucess ,content:{"format":"this is the same line"}
{"format":"example1","content":[{"align":"center"}]}
{"format":"this is the same line"}
{"format":"this is the same line"}

2018-09-07 10:48:38[DEBUG][29]code change sucess ,content:{"format":"example1","content":[{"align":"center"}]}
{"format":"this is the same line"}
{"format":"this is the same line"}
{"format":"this is the same line"}

2018-09-07 10:49:16[DEBUG][29]code change sucess ,content:{"format":"this is the same line"}
{"format":"example1","content":[{"align":"center"}]}
{"format":"this is the same line"}
{"format":"this is the same line"}

2018-09-07 10:49:16[DEBUG][29]code change sucess ,content:{"format":"example1","content":[{"align":"center"}]}
{"format":"this is the same line"}
{"format":"this is the same line"}
{"format":"this is the same line"}

2018-09-07 10:51:03[DEBUG][29]code change sucess ,content:{"format":"this is the same line"}
{"format":"example1","content":[{"align":"center"}]}
{"format":"this is the same line"}
{"format":"this is the same line"}

2018-09-07 10:51:03[DEBUG][29]code change sucess ,content:{"format":"example1","content":[{"align":"center"}]}
{"format":"this is the same line"}
{"format":"this is the same line"}
{"format":"this is the same line"}

2018-09-07 10:53:20[DEBUG][29]code change sucess ,content:{"format":"this is the same line"}
{"format":"example1","content":[{"align":"center"}]}
{"format":"this is the same line"}
{"format":"this is the same line"}

2018-09-07 10:53:20[DEBUG][29]code change sucess ,content:{"format":"example1","content":[{"align":"center"}]}
{"format":"this is the same line"}
{"format":"this is the same line"}
{"format":"this is the same line"}

2018-09-07 10:53:44[DEBUG][29]code change sucess ,content:{"format":"this is the same line"}
{"format":"example1","content":[{"align":"center"}]}
{"format":"this is the same line"}
{"format":"this is the same line"}

2018-09-07 10:53:44[DEBUG][29]code change sucess ,content:{"format":"example1","content":[{"align":"center"}]}
{"format":"this is the same line"}
{"format":"this is the same line"}
{"format":"this is the same line"}

2018-09-07 10:56:05[DEBUG][29]code change sucess ,content:{"format":"this is the same line"}
{"format":"example1","content":[{"align":"center"}]}
{"format":"this is the same line"}
{"format":"this is the same line"}

2018-09-07 10:56:05[DEBUG][29]code change sucess ,content:{"format":"example1","content":[{"align":"center"}]}
{"format":"this is the same line"}
{"format":"this is the same line"}
{"format":"this is the same line"}

2018-09-07 10:58:03[DEBUG][29]code change sucess ,content:{"format":"this is the same line"}
{"format":"example1","content":[{"align":"center"}]}
{"format":"this is the same line"}
{"format":"this is the same line"}

2018-09-07 10:58:03[DEBUG][29]code change sucess ,content:{"format":"example1","content":[{"align":"center"}]}
{"format":"this is the same line"}
{"format":"this is the same line"}
{"format":"this is the same line"}

2018-09-07 11:04:23[DEBUG][29]code change sucess ,content:{"format":"this is the same line"}
{"format":"example1","content":[{"align":"center"}]}
{"format":"this is the same line"}
{"format":"this is the same line"}

2018-09-07 11:04:23[DEBUG][29]code change sucess ,content:{"format":"example1","content":[{"align":"center"}]}
{"format":"this is the same line"}
{"format":"this is the same line"}
{"format":"this is the same line"}

2018-09-07 11:04:55[DEBUG][29]code change sucess ,content:{"format":"this is the same line"}
{"format":"example1","content":[{"align":"center"}]}
{"format":"this is the same line"}
{"format":"this is the same line"}

2018-09-07 11:04:55[DEBUG][29]code change sucess ,content:{"format":"example1","content":[{"align":"center"}]}
{"format":"this is the same line"}
{"format":"this is the same line"}
{"format":"this is the same line"}

2018-09-07 11:05:44[DEBUG][29]code change sucess ,content:{"format":"this is the same line"}
{"format":"example1","content":[{"align":"center"}]}
{"format":"this is the same line"}
{"format":"this is the same line"}

2018-09-07 11:05:44[DEBUG][29]code change sucess ,content:{"format":"example1","content":[{"align":"center"}]}
{"format":"this is the same line"}
{"format":"this is the same line"}
{"format":"this is the same line"}

2018-09-07 11:05:55[DEBUG][29]code change sucess ,content:{"format":"this is the same line"}
{"format":"example1","content":[{"align":"center"}]}
{"format":"this is the same line"}
{"format":"this is the same line"}

2018-09-07 11:05:55[DEBUG][29]code change sucess ,content:{"format":"example1","content":[{"align":"center"}]}
{"format":"this is the same line"}
{"format":"this is the same line"}
{"format":"this is the same line"}

2018-09-07 11:07:23[DEBUG][29]code change sucess ,content:{"format":"this is the same line"}
{"format":"example1","content":[{"align":"center"}]}
{"format":"this is the same line"}
{"format":"this is the same line"}

2018-09-07 11:07:23[DEBUG][29]code change sucess ,content:{"format":"example1","content":[{"align":"center"}]}
{"format":"this is the same line"}
{"format":"this is the same line"}
{"format":"this is the same line"}

2018-09-07 11:07:59[DEBUG][29]code change sucess ,content:{"format":"this is the same line"}
{"format":"example1","content":[{"align":"center"}]}
{"format":"this is the same line"}
{"format":"this is the same line"}

2018-09-07 11:07:59[DEBUG][29]code change sucess ,content:{"format":"example1","content":[{"align":"center"}]}
{"format":"this is the same line"}
{"format":"this is the same line"}


{"format":"this is the same line"}

2018-09-07 11:30:24[DEBUG][29]code change sucess ,content:{"format":"this is the same line"}
{"format":"example1","content":[{"align":"center"}]}
{"format":"this is the same line"}
{"format":"this is the same line"}

2018-09-07 11:30:24[DEBUG][29]code change sucess ,content:{"format":"example1","content":[{"align":"center"}]}
{"format":"this is the same line"}
{"format":"this is the same line"}


{"format":"this is the same line"}

2018-09-07 11:33:36[DEBUG][29]code change sucess ,content:{"format":"this is the same line"}
{"format":"example1","content":[{"align":"center"}]}
{"format":"this is the same line"}
{"format":"this is the same line"}

2018-09-07 11:33:36[DEBUG][29]code change sucess ,content:{"format":"example1","content":[{"align":"center"}]}
{"format":"this is the same line"}
{"format":"this is the same line"}


{"format":"this is the same line"}

2018-09-07 11:34:02[DEBUG][29]code change sucess ,content:{"format":"this is the same line"}
{"format":"example1","content":[{"align":"center"}]}
{"format":"this is the same line"}
{"format":"this is the same line"}

2018-09-07 11:34:02[DEBUG][29]code change sucess ,content:{"format":"example1","content":[{"align":"center"}]}
{"format":"this is the same line"}
{"format":"this is the same line"}


{"format":"this is the same line"}

2018-09-07 11:34:14[DEBUG][29]code change sucess ,content:{"format":"this is the same line"}
{"format":"example1","content":[{"align":"center"}]}
{"format":"this is the same line"}
{"format":"this is the same line"}

2018-09-07 11:34:14[DEBUG][29]code change sucess ,content:{"format":"example1","content":[{"align":"center"}]}
{"format":"this is the same line"}
{"format":"this is the same line"}


{"format":"this is the same line"}

2018-09-07 11:34:27[DEBUG][29]code change sucess ,content:{"format":"this is the same line"}
{"format":"example1","content":[{"align":"center"}]}
{"format":"this is the same line"}
{"format":"this is the same line"}

2018-09-07 11:34:27[DEBUG][29]code change sucess ,content:{"format":"example1","content":[{"align":"center"}]}
{"format":"this is the same line"}
{"format":"this is the same line"}


{"format":"this is the same line"}

2018-09-07 11:37:54[DEBUG][29]code change sucess ,content:{"format":"this is the same line"}
{"format":"example1","content":[{"align":"center"}]}
{"format":"this is the same line"}
{"format":"this is the same line"}

2018-09-07 11:37:54[DEBUG][29]code change sucess ,content:{"format":"example1","content":[{"align":"center"}]}
{"format":"this is the same line"}
{"format":"this is the same line"}


{"format":"this is the same line"}

2018-09-07 11:37:59[DEBUG][29]code change sucess ,content:{"format":"this is the same line"}
{"format":"example1","content":[{"align":"center"}]}
{"format":"this is the same line"}
{"format":"this is the same line"}

2018-09-07 11:37:59[DEBUG][29]code change sucess ,content:{"format":"example1","content":[{"align":"center"}]}
{"format":"this is the same line"}
{"format":"this is the same line"}


{"format":"this is the same line"}

2018-09-10 05:54:11[DEBUG][32]file code not change :<content>
    <ext>
         <phone>010-59928888</phone>
    </ext>
    <Name>惧害澶у</Name>
</content>

2018-09-10 05:54:11[DEBUG][32]file code not change :<content>
    <ext><phone>010 59928888</phone></ext>
    <name>惧害澶у</name>
</content>

2018-09-10 05:56:55[DEBUG][32]file code not change :<content>
    <ext>
         <phone>010-59928888</phone>
    </ext>
    <Name>惧害澶у</Name>
</content>

2018-09-10 05:56:55[DEBUG][32]file code not change :<content>
    <ext><phone>010 59928888</phone></ext>
    <name>惧害澶у</name>
</content>

2018-09-10 05:59:34[DEBUG][32]file code not change :<content>
    <ext>
         <phone>010-59928888</phone>
    </ext>
    <Name>惧害澶у</Name>
</content>

2018-09-10 05:59:34[DEBUG][32]file code not change :<content>
    <ext><phone>010 59928888</phone></ext>
    <name>惧害澶у</name>
</content>

2018-09-10 06:00:00[DEBUG][32]file code not change :<content>
    <ext>
         <phone>010-59928888</phone>
    </ext>
    <Name>惧害澶у</Name>
</content>

2018-09-10 06:00:00[DEBUG][32]file code not change :<content>
    <ext><phone>010 59928888</phone></ext>
    <name>惧害澶у</name>
</content>

2018-09-10 06:00:18[DEBUG][32]file code not change :<content>
    <ext>
         <phone>010-59928888</phone>
    </ext>
    <Name>惧害澶у</Name>
</content>

2018-09-10 06:00:18[DEBUG][32]file code not change :<content>
    <ext><phone>010 59928888</phone></ext>
    <name>惧害澶у</name>
</content>

2018-09-10 06:33:13[DEBUG][32]file code not change :<content>
    <ext>
         <phone>010-59928888</phone>
    </ext>
    <Name>惧害澶у</Name>
</content>

2018-09-10 06:33:13[DEBUG][32]file code not change :<content>
    <ext><phone>010 59928888</phone></ext>
    <name>惧害澶у</name>
</content>

2018-09-10 06:34:21[DEBUG][32]file code not change :<content>
    <ext>
         <phone>010-59928888</phone>
    </ext>
    <Name>惧害澶у</Name>
</content>

2018-09-10 06:34:21[DEBUG][32]file code not change :<content>
    <ext><phone>010 59928888</phone></ext>
    <name>惧害澶у</name>
</content>

2018-09-10 06:34:46[DEBUG][32]file code not change :<content>
    <ext>
         <phone>010-59928888</phone>
    </ext>
    <Name>惧害澶у</Name>
</content>

2018-09-10 06:34:46[DEBUG][32]file code not change :<content>
    <ext><phone>010 59928888</phone></ext>
    <name>惧害澶у</name>
</content>

2018-09-10 06:35:40[DEBUG][32]file code not change :<content>
    <ext>
         <phone>010-59928888</phone>
    </ext>
    <Name>惧害澶у</Name>
</content>

2018-09-10 06:35:40[DEBUG][32]file code not change :<content>
    <ext><phone>010 59928888</phone></ext>
    <name>惧害澶у</name>
</content>

2018-09-10 06:36:45[DEBUG][32]file code not change :<content>
    <ext>
         <phone>010-59928888</phone>
    </ext>
    <Name>惧害澶у</Name>
</content>

2018-09-10 06:36:45[DEBUG][32]file code not change :<content>
    <ext><phone>010 59928888</phone></ext>
    <name>惧害澶у</name>
</content>

2018-09-10 06:37:27[DEBUG][32]file code not change :<content>
    <ext>
         <phone>010-59928888</phone>
    </ext>
    <Name>惧害澶у</Name>
</content>

2018-09-10 06:37:27[DEBUG][32]file code not change :<content>
    <ext><phone>010 59928888</phone></ext>
    <name>惧害澶у</name>
</content>

2018-09-10 06:37:50[DEBUG][32]file code not change :<content>
    <ext>
         <phone>010-59928888</phone>
    </ext>
    <Name>惧害澶у</Name>
</content>

2018-09-10 06:37:50[DEBUG][32]file code not change :<content>
    <ext><phone>010 59928888</phone></ext>
    <name>惧害澶у</name>
</content>

2018-09-10 06:38:10[DEBUG][32]file code not change :<content>
    <ext>
         <phone>010-59928888</phone>
    </ext>
    <Name>惧害澶у</Name>
</content>

2018-09-10 06:38:10[DEBUG][32]file code not change :<content>
    <ext><phone>010 59928888</phone></ext>
    <name>惧害澶у</name>
</content>

2018-09-10 06:39:18[DEBUG][32]file code not change :<content>
    <ext>
         <phone>010-59928888</phone>
    </ext>
    <Name>惧害澶у</Name>
</content>

2018-09-10 06:39:18[DEBUG][32]file code not change :<content>
    <ext><phone>010 59928888</phone></ext>
    <name>惧害澶у</name>
</content>

2018-09-10 06:39:37[DEBUG][32]file code not change :<content>
    <ext>
         <phone>010-59928888</phone>
    </ext>
    <Name>惧害澶у</Name>
</content>

2018-09-10 06:39:37[DEBUG][32]file code not change :<content>
    <ext><phone>010 59928888</phone></ext>
    <name>惧害澶у</name>
</content>

2018-09-10 06:40:10[DEBUG][32]file code not change :<content>
    <ext>
         <phone>010-59928888</phone>
    </ext>
    <Name>惧害澶у</Name>
</content>

2018-09-10 06:40:10[DEBUG][32]file code not change :<content>
    <ext><phone>010 59928888</phone></ext>
    <name>惧害澶у</name>
</content>

2018-09-10 06:42:58[DEBUG][32]file code not change :<content>
    <ext>
         <phone>010-59928888</phone>
    </ext>
    <Name>惧害澶у</Name>
</content>

2018-09-10 06:42:58[DEBUG][32]file code not change :<content>
    <ext><phone>010 59928888</phone></ext>
    <name>惧害澶у</name>
</content>

2018-09-10 06:43:54[DEBUG][32]file code not change :<content>
    <ext>
         <phone>010-59928888</phone>
    </ext>
    <Name>惧害澶у</Name>
</content>

2018-09-10 06:43:54[DEBUG][32]file code not change :<content>
    <ext><phone>010 59928888</phone></ext>
    <name>惧害澶у</name>
</content>

2018-09-10 06:44:24[DEBUG][32]file code not change :<content>
    <ext>
         <phone>010-59928888</phone>
    </ext>
    <Name>惧害澶у</Name>
</content>

2018-09-10 06:44:24[DEBUG][32]file code not change :<content>
    <ext><phone>010 59928888</phone></ext>
    <name>惧害澶у</name>
</content>

2018-09-10 06:46:21[DEBUG][32]file code not change :<content>
    <ext>
         <phone>010-59928888</phone>
    </ext>
    <Name>惧害澶у</Name>
</content>

2018-09-10 06:46:21[DEBUG][32]file code not change :<content>
    <ext><phone>010 59928888</phone></ext>
    <name>惧害澶у</name>
</content>

2018-09-10 06:46:43[DEBUG][32]file code not change :<content>
    <ext>
         <phone>010-59928888</phone>
    </ext>
    <Name>惧害澶у</Name>
</content>

2018-09-10 06:46:43[DEBUG][32]file code not change :<content>
    <ext><phone>010 59928888</phone></ext>
    <name>惧害澶у</name>
</content>

2018-09-10 06:47:08[DEBUG][32]file code not change :<content>
    <ext>
         <phone>010-59928888</phone>
    </ext>
    <Name>惧害澶у</Name>
</content>

2018-09-10 06:47:08[DEBUG][32]file code not change :<content>
    <ext><phone>010 59928888</phone></ext>
    <name>惧害澶у</name>
</content>

2018-09-10 06:47:49[DEBUG][32]file code not change :<content>
    <ext>
         <phone>010-59928888</phone>
    </ext>
    <Name>惧害澶у</Name>
</content>

2018-09-10 06:47:49[DEBUG][32]file code not change :<content>
    <ext><phone>010 59928888</phone></ext>
    <name>惧害澶у</name>
</content>

2018-09-10 06:48:17[DEBUG][32]file code not change :<content>
    <ext>
         <phone>010-59928888</phone>
    </ext>
    <Name>惧害澶у</Name>
</content>

2018-09-10 06:48:17[DEBUG][32]file code not change :<content>
    <ext><phone>010 59928888</phone></ext>
    <name>惧害澶у</name>
</content>

2018-09-10 06:49:23[DEBUG][32]file code not change :<content>
    <ext>
         <phone>010-59928888</phone>
    </ext>
    <Name>惧害澶у</Name>
</content>

2018-09-10 06:49:23[DEBUG][32]file code not change :<content>
    <ext><phone>010 59928888</phone></ext>
    <name>惧害澶у</name>
</content>

2018-09-10 06:49:46[DEBUG][32]file code not change :<content>
    <ext>
         <phone>010-59928888</phone>
    </ext>
    <Name>惧害澶у</Name>
</content>

2018-09-10 06:49:46[DEBUG][32]file code not change :<content>
    <ext><phone>010 59928888</phone></ext>
    <name>惧害澶у</name>
</content>

2018-09-10 06:50:05[DEBUG][32]file code not change :<content>
    <ext>
         <phone>010-59928888</phone>
    </ext>
</content>

2018-09-10 06:50:05[DEBUG][32]file code not change :<content>
    <ext><phone>010 59928888</phone></ext>
    <name>惧害澶у</name>
</content>

2018-09-10 06:50:36[DEBUG][32]file code not change :<content>
    <ext>
         <phone>010-59928888</phone>
    </ext>
</content>

2018-09-10 06:50:36[DEBUG][32]file code not change :<content>
    <ext><phone>010 59928888</phone></ext>
    <name>惧害澶у</name>
</content>

2018-09-10 06:51:00[DEBUG][32]file code not change :<content>
    <ext>
         <phone>010-59928888</phone>
    </ext>
</content>

2018-09-10 06:51:00[DEBUG][32]file code not change :<content>
    <ext><phone>010 59928888</phone></ext>
    <name>惧害澶у</name>
</content>

2018-09-10 06:51:17[DEBUG][32]file code not change :<content>
    <ext>
         <phone>010-59928888</phone>
    </ext>
</content>

2018-09-10 06:51:17[DEBUG][32]file code not change :<content>
    <ext><phone>010 59928888</phone></ext>
    <name>惧害澶у</name>
</content>

2018-09-10 06:52:10[DEBUG][32]file code not change :<content>
    <ext>
         <phone>010-59928888</phone>
    </ext>
</content>

2018-09-10 06:52:10[DEBUG][32]file code not change :<content>
    <ext><phone>010 59928888</phone></ext>
    <name>惧害澶у</name>
</content>

2018-09-10 06:53:56[DEBUG][32]file code not change :<content>
    <ext>
         <phone>010-59928888</phone>
    </ext>
</content>

2018-09-10 06:53:56[DEBUG][32]file code not change :<content>
    <ext><phone>010 59928888</phone></ext>
    <name>惧害澶у</name>
</content>

2018-09-10 06:54:24[DEBUG][32]file code not change :<content>
    <ext>
         <phone>010-59928888</phone>
    </ext>
</content>

2018-09-10 06:54:24[DEBUG][32]file code not change :<content>
    <ext><phone>010 59928888</phone></ext>
    <name>惧害澶у</name>
</content>

2018-09-10 06:56:05[DEBUG][32]file code not change :{"format":"this is the same line"}
{"format":"example1","content":[{"align":"center"}]}
{"format":"this is the same line"}
{"format":"this is the same line"}

2018-09-10 06:56:05[DEBUG][32]file code not change :{"format":"example1","content":[{"align":"center"}]}
{"format":"this is the same line"}
{"format":"this is the same line"}


{"format":"this is the same line"}

2018-09-10 06:58:15[DEBUG][32]file code not change :<content>
    <ext>
         <phone>010-59928888</phone>
    </ext>
    <Name>惧害澶у</Name>
</content>

2018-09-10 06:58:15[DEBUG][32]file code not change :<content>
    <ext><phone>010 59928888</phone></ext>
    <name>惧害澶у</name>
</content>

2018-09-10 06:59:40[DEBUG][32]file code not change :<content>
    <ext>
         <phone>010-59928888</phone>
    </ext>
    <Name>惧害澶у</Name>
</content>

2018-09-10 06:59:40[DEBUG][32]file code not change :<content>
    <ext><phone>010 59928888</phone></ext>
    <name>惧害澶у</name>
</content>

2018-09-10 07:04:52[DEBUG][32]file code not change :<content>
    <ext>
         <phone>010-59928888</phone>
    </ext>
    <Name>惧害澶у</Name>
</content>

2018-09-10 07:04:52[DEBUG][32]file code not change :<content>
    <ext><phone>010 59928888</phone></ext>
    <name>惧害澶у</name>
</content>

2018-09-10 07:06:54[DEBUG][32]file code not change :<content>
    <ext>
         <phone>010-59928888</phone>
    </ext>
    <Name>惧害澶у</Name>
</content>

2018-09-10 07:06:54[DEBUG][32]file code not change :<content>
    <ext><phone>010 59928888</phone></ext>
    <name>惧害澶у</name>
</content>

2018-09-10 07:07:10[DEBUG][32]file code not change :<content>
    <ext>
         <phone>010-59928888</phone>
    </ext>
    <Name>惧害澶у</Name>
</content>

2018-09-10 07:07:10[DEBUG][32]file code not change :<content>
    <ext><phone>010 59928888</phone></ext>
    <name>惧害澶у</name>
</content>

2018-09-10 07:12:28[DEBUG][32]file code not change :<content>
    <ext>
         <phone>010-59928888</phone>
    </ext>
    <Name>惧害澶у</Name>
</content>

2018-09-10 07:12:28[DEBUG][32]file code not change :<content>
    <ext><phone>010 59928888</phone></ext>
    <name>惧害澶у</name>
</content>

2018-09-10 07:15:50[DEBUG][32]file code not change :{"format":"this is the same line"}
{"format":"example1","content":[{"align":"center"}]}
{"format":"this is the same line"}
{"format":"this is the same line"}

2018-09-10 07:15:50[DEBUG][32]file code not change :{"format":"example1","content":[{"align":"center"}]}
{"format":"this is the same line"}
{"format":"this is the same line"}


{"format":"this is the same line"}

2018-09-10 07:23:53[DEBUG][32]file code not change :<content>
    <ext>
         <phone>010-59928888</phone>
    </ext>
    <Name>惧害澶у</Name>
</content>

2018-09-10 07:23:53[DEBUG][32]file code not change :<content>
    <ext><phone>010 59928888</phone></ext>
    <name>惧害澶у</name>
</content>

2018-09-10 07:24:48[DEBUG][32]file code not change :<content>
    <ext>
         <phone>010-59928888</phone>
    </ext>
    <Name>惧害澶у</Name>
</content>

2018-09-10 07:24:48[DEBUG][32]file code not change :<content>
    <ext><phone>010 59928888</phone></ext>
    <name>惧害澶у</name>
</content>

2018-09-10 07:25:49[DEBUG][32]file code not change :<content>
    <ext>
         <phone>010-59928888</phone>
    </ext>
    <Name>惧害澶у</Name>
</content>

2018-09-10 07:25:49[DEBUG][32]file code not change :<content>
    <ext><phone>010 59928888</phone></ext>
    <name>惧害澶у</name>
</content>

2018-09-13 08:04:58[DEBUG][29]code change sucess ,content:Feed	GD	16	GD手百app下载	61
Feed	GD	16	GD手百视频,图集	60
Feed	GD	16	GD手机百度图文	57
Feed	GD	16	GD贴吧pc	58
Feed	GD	16	GD贴吧wap+app非下载	63
Feed	信息流组件审核	18	信息流组件审核	113
Feed	原生	15	SJXZH_WENZHANG_NEW	104
Feed	原生	15	feed视频下载	96
Feed	原生	15	凤巢信息流APP下载	27
Feed	原生	15	凤巢信息流贴吧图文	28
Feed	原生	15	凤巢信息流图文	26
Feed	原生	15	视频广告平台	50
Feed	原生	15	手百app	55
Feed	原生	15	手百图文	40
Feed	原生	15	通投video	89
Feed	原生	15	通投链接	87
Feed	原生	15	通投下载	88
Feed	原生	15	浏览器图文	42
Feed	直通车feed	17	直通车feed	112
凤巢	PC凤巢	1	PC凤巢	0
凤巢	凤巢其它	14	百度丝路	74
凤巢	凤巢其它	14	本地凤巢共享落地页	66
凤巢	凤巢其它	14	凤巢八准	48
凤巢	凤巢其它	14	凤巢好词快投	25
凤巢	凤巢其它	14	凤巢门店推广	39
凤巢	凤巢其它	14	凤巢新样式	8
凤巢	凤巢其它	14	凤巢医疗八准信息收集	47
凤巢	凤巢其它	14	凤巢原生API	38
凤巢	凤巢其它	14	凤巢知识素材库	82
凤巢	凤巢其它	14	神农	65
凤巢	凤巢其它	14	图片凤巢产品	72
凤巢	凤巢其它	14	网页投放类关键词	21
凤巢	凤巢其它	14	线索通	53
凤巢	凤巢其它	14	营销素材库	52
凤巢	凤巢其它	14	知识营销	73
凤巢	凤巢闪投	6	凤巢闪投	3
凤巢	共享图片库	7	共享图片库	35
凤巢	竞秀蹊径独秀	10	凤巢独秀,泛品牌	24
凤巢	竞秀蹊径独秀	10	凤巢竞秀	51
凤巢	竞秀蹊径独秀	10	凤巢无线蹊径	13
凤巢	竞秀蹊径独秀	10	凤巢蹊径 	10
凤巢	聚屏	9	JUPING_GD_ZTC	109
凤巢	聚屏	9	聚屏	99
凤巢	聚屏	9	聚屏风巢	81
凤巢	视频凤巢	12	视频凤巢元素	100
凤巢	图片凤巢29	4	凤巢图片素材库	29
凤巢	图片凤巢67	5	凤巢图片素材库	67
凤巢	图片素材库文字子链	3	图片素材库文字子链	31
凤巢	行业定投&动态创意	8	凤巢动态创意	12
凤巢	行业定投&动态创意	8	网页投放，url定向创意	20
凤巢	行业定投&动态创意	8	行业定投	43
凤巢	移动营销页	11	移动营销页	36
闪投	PC闪投	20	闪投	30
闪投	PC闪投	20	闪投导航	45
闪投	PC闪投	20	闪投无图创意	102
闪投	闪投百意推广	23	闪投百意推广	91
闪投	闪投电商推广	22	闪投电商推广-商品计划	34
闪投	闪投电商推广	22	闪投图片库	103
闪投	闪投商品计划	21	SHANTOU_FEED_DPA_APP	106
闪投	闪投商品计划	21	SHANTOU_FEED_DPA_TUWEN	105
闪投	闪投商品计划	21	闪投商品计划	44
闪投	闪投商品计划	21	闪投商品计划APP下载	80
网盟	网盟	29	百意	54
网盟	网盟	29	网盟BES	6
熊掌号	熊掌号	19	熊掌号-商品	94
熊掌号	熊掌号	19	熊掌号-文章	93
熊掌号	熊掌号	19	熊掌号-营销页	95
一级产品线-马丽菲	二级产品线D马丽菲	156	123	98
医疗商家号	疾病基础	39	医疗商家号疾病基础	126
医疗商家号	疾病延展	40	医疗商家号疾病延展	127
医疗商家号	文章页	35	医疗商家号文章页	122
医疗商家号	医院基础	36	医疗商家号医院基础	123
医疗商家号	医院延展	37	医疗商家号医院延展	124
医疗商家号	营销页	34	医疗商家号营销页	121
直通车	凤巢直通车	24	凤巢无线直通车	18
直通车	凤巢直通车	24	凤巢直通车	17
直通车	直通车自提	25	本地广告13023样式	86
直通车	直通车自提	25	凤巢本地直通车	37
直通车	直通车自提	25	直通车CPC传统创意	76
直通车	直通车自提	25	直通车医疗素材库	107
2018-09-13 08:05:04[DEBUG][29]code change sucess ,content:Feed	GD	16	GD手百app下载	61
Feed	GD	16	GD手百视频,图集	60
Feed	GD	16	GD手机百度图文	57
Feed	GD	16	GD贴吧pc	58
Feed	GD	16	GD贴吧wap+app非下载	63
Feed	信息流组件审核	18	信息流组件审核	113
Feed	原生	15	SJXZH_WENZHANG_NEW	104
Feed	原生	15	feed视频下载	96
Feed	原生	15	凤巢信息流APP下载	27
Feed	原生	15	凤巢信息流贴吧图文	28
Feed	原生	15	凤巢信息流图文	26
Feed	原生	15	视频广告平台	50
Feed	原生	15	手百app	55
Feed	原生	15	手百图文	40
Feed	原生	15	通投video	89
Feed	原生	15	通投链接	87
Feed	原生	15	通投下载	88
Feed	原生	15	浏览器图文	42
Feed	直通车feed	17	直通车feed	112
凤巢	PC凤巢	1	PC凤巢	0
凤巢	凤巢其它	14	百度丝路	74
凤巢	凤巢其它	14	本地凤巢共享落地页	66
凤巢	凤巢其它	14	凤巢八准	48
凤巢	凤巢其它	14	凤巢好词快投	25
凤巢	凤巢其它	14	凤巢门店推广	39
凤巢	凤巢其它	14	凤巢新样式	8
凤巢	凤巢其它	14	凤巢医疗八准信息收集	47
凤巢	凤巢其它	14	凤巢原生API	38
凤巢	凤巢其它	14	凤巢知识素材库	82
凤巢	凤巢其它	14	神农	65
凤巢	凤巢其它	14	图片凤巢产品	72
凤巢	凤巢其它	14	网页投放类关键词	21
凤巢	凤巢其它	14	线索通	53
凤巢	凤巢其它	14	营销素材库	52
凤巢	凤巢其它	14	知识营销	73
凤巢	凤巢闪投	6	凤巢闪投	3
凤巢	共享图片库	7	共享图片库	35
凤巢	竞秀蹊径独秀	10	凤巢独秀,泛品牌	24
凤巢	竞秀蹊径独秀	10	凤巢竞秀	51
凤巢	竞秀蹊径独秀	10	凤巢无线蹊径	13
凤巢	竞秀蹊径独秀	10	凤巢蹊径 	10
凤巢	聚屏	9	JUPING_GD_ZTC	109
凤巢	聚屏	9	聚屏	99
凤巢	聚屏	9	聚屏风巢	81
凤巢	视频凤巢	12	视频凤巢元素	100
凤巢	图片凤巢29	4	凤巢图片素材库	29
凤巢	图片凤巢67	5	凤巢图片素材库	67
凤巢	图片素材库文字子链	3	图片素材库文字子链	31
凤巢	行业定投&动态创意	8	凤巢动态创意	12
凤巢	行业定投&动态创意	8	网页投放，url定向创意	20
凤巢	行业定投&动态创意	8	行业定投	43
凤巢	移动营销页	11	移动营销页	36
闪投	PC闪投	20	闪投	30
闪投	PC闪投	20	闪投导航	45
闪投	PC闪投	20	闪投无图创意	102
闪投	闪投百意推广	23	闪投百意推广	91
闪投	闪投电商推广	22	闪投电商推广-商品计划	34
闪投	闪投电商推广	22	闪投图片库	103
闪投	闪投商品计划	21	SHANTOU_FEED_DPA_APP	106
闪投	闪投商品计划	21	SHANTOU_FEED_DPA_TUWEN	105
闪投	闪投商品计划	21	闪投商品计划	44
闪投	闪投商品计划	21	闪投商品计划APP下载	80
网盟	网盟	29	百意	54
网盟	网盟	29	网盟BES	6
熊掌号	熊掌号	19	熊掌号-商品	94
熊掌号	熊掌号	19	熊掌号-文章	93
熊掌号	熊掌号	19	熊掌号-营销页	95
一级产品线-马丽菲	二级产品线D马丽菲	156	123	98
医疗商家号	疾病基础	39	医疗商家号疾病基础	126
医疗商家号	疾病延展	40	医疗商家号疾病延展	127
医疗商家号	文章页	35	医疗商家号文章页	122
医疗商家号	医院基础	36	医疗商家号医院基础	123
医疗商家号	医院延展	37	医疗商家号医院延展	124
医疗商家号	营销页	34	医疗商家号营销页	121
直通车	凤巢直通车	24	凤巢无线直通车	18
直通车	凤巢直通车	24	凤巢直通车	17
直通车	直通车自提	25	本地广告13023样式	86
直通车	直通车自提	25	凤巢本地直通车	37
直通车	直通车自提	25	直通车CPC传统创意	76
直通车	直通车自提	25	直通车医疗素材库	107
2018-09-13 08:05:20[DEBUG][29]code change sucess ,content:Feed	GD	16	GD手百app下载	61
Feed	GD	16	GD手百视频,图集	60
Feed	GD	16	GD手机百度图文	57
Feed	GD	16	GD贴吧pc	58
Feed	GD	16	GD贴吧wap+app非下载	63
Feed	信息流组件审核	18	信息流组件审核	113
Feed	原生	15	SJXZH_WENZHANG_NEW	104
Feed	原生	15	feed视频下载	96
Feed	原生	15	凤巢信息流APP下载	27
Feed	原生	15	凤巢信息流贴吧图文	28
Feed	原生	15	凤巢信息流图文	26
Feed	原生	15	视频广告平台	50
Feed	原生	15	手百app	55
Feed	原生	15	手百图文	40
Feed	原生	15	通投video	89
Feed	原生	15	通投链接	87
Feed	原生	15	通投下载	88
Feed	原生	15	浏览器图文	42
Feed	直通车feed	17	直通车feed	112
凤巢	PC凤巢	1	PC凤巢	0
凤巢	凤巢其它	14	百度丝路	74
凤巢	凤巢其它	14	本地凤巢共享落地页	66
凤巢	凤巢其它	14	凤巢八准	48
凤巢	凤巢其它	14	凤巢好词快投	25
凤巢	凤巢其它	14	凤巢门店推广	39
凤巢	凤巢其它	14	凤巢新样式	8
凤巢	凤巢其它	14	凤巢医疗八准信息收集	47
凤巢	凤巢其它	14	凤巢原生API	38
凤巢	凤巢其它	14	凤巢知识素材库	82
凤巢	凤巢其它	14	神农	65
凤巢	凤巢其它	14	图片凤巢产品	72
凤巢	凤巢其它	14	网页投放类关键词	21
凤巢	凤巢其它	14	线索通	53
凤巢	凤巢其它	14	营销素材库	52
凤巢	凤巢其它	14	知识营销	73
凤巢	凤巢闪投	6	凤巢闪投	3
凤巢	共享图片库	7	共享图片库	35
凤巢	竞秀蹊径独秀	10	凤巢独秀,泛品牌	24
凤巢	竞秀蹊径独秀	10	凤巢竞秀	51
凤巢	竞秀蹊径独秀	10	凤巢无线蹊径	13
凤巢	竞秀蹊径独秀	10	凤巢蹊径 	10
凤巢	聚屏	9	JUPING_GD_ZTC	109
凤巢	聚屏	9	聚屏	99
凤巢	聚屏	9	聚屏风巢	81
凤巢	视频凤巢	12	视频凤巢元素	100
凤巢	图片凤巢29	4	凤巢图片素材库	29
凤巢	图片凤巢67	5	凤巢图片素材库	67
凤巢	图片素材库文字子链	3	图片素材库文字子链	31
凤巢	行业定投&动态创意	8	凤巢动态创意	12
凤巢	行业定投&动态创意	8	网页投放，url定向创意	20
凤巢	行业定投&动态创意	8	行业定投	43
凤巢	移动营销页	11	移动营销页	36
闪投	PC闪投	20	闪投	30
闪投	PC闪投	20	闪投导航	45
闪投	PC闪投	20	闪投无图创意	102
闪投	闪投百意推广	23	闪投百意推广	91
闪投	闪投电商推广	22	闪投电商推广-商品计划	34
闪投	闪投电商推广	22	闪投图片库	103
闪投	闪投商品计划	21	SHANTOU_FEED_DPA_APP	106
闪投	闪投商品计划	21	SHANTOU_FEED_DPA_TUWEN	105
闪投	闪投商品计划	21	闪投商品计划	44
闪投	闪投商品计划	21	闪投商品计划APP下载	80
网盟	网盟	29	百意	54
网盟	网盟	29	网盟BES	6
熊掌号	熊掌号	19	熊掌号-商品	94
熊掌号	熊掌号	19	熊掌号-文章	93
熊掌号	熊掌号	19	熊掌号-营销页	95
一级产品线-马丽菲	二级产品线D马丽菲	156	123	98
医疗商家号	疾病基础	39	医疗商家号疾病基础	126
医疗商家号	疾病延展	40	医疗商家号疾病延展	127
医疗商家号	文章页	35	医疗商家号文章页	122
医疗商家号	医院基础	36	医疗商家号医院基础	123
医疗商家号	医院延展	37	医疗商家号医院延展	124
医疗商家号	营销页	34	医疗商家号营销页	121
直通车	凤巢直通车	24	凤巢无线直通车	18
直通车	凤巢直通车	24	凤巢直通车	17
直通车	直通车自提	25	本地广告13023样式	86
直通车	直通车自提	25	凤巢本地直通车	37
直通车	直通车自提	25	直通车CPC传统创意	76
直通车	直通车自提	25	直通车医疗素材库	107
2018-09-13 08:05:46[DEBUG][30]code change sucess ,content:Feed	GD	16	GD手百app下载	61
Feed	GD	16	GD手百视频,图集	60
Feed	GD	16	GD手机百度图文	57
Feed	GD	16	GD贴吧pc	58
Feed	GD	16	GD贴吧wap+app非下载	63
Feed	信息流组件审核	18	信息流组件审核	113
Feed	原生	15	SJXZH_WENZHANG_NEW	104
Feed	原生	15	feed视频下载	96
Feed	原生	15	凤巢信息流APP下载	27
Feed	原生	15	凤巢信息流贴吧图文	28
Feed	原生	15	凤巢信息流图文	26
Feed	原生	15	视频广告平台	50
Feed	原生	15	手百app	55
Feed	原生	15	手百图文	40
Feed	原生	15	通投video	89
Feed	原生	15	通投链接	87
Feed	原生	15	通投下载	88
Feed	原生	15	浏览器图文	42
Feed	直通车feed	17	直通车feed	112
凤巢	PC凤巢	1	PC凤巢	0
凤巢	凤巢其它	14	百度丝路	74
凤巢	凤巢其它	14	本地凤巢共享落地页	66
凤巢	凤巢其它	14	凤巢八准	48
凤巢	凤巢其它	14	凤巢好词快投	25
凤巢	凤巢其它	14	凤巢门店推广	39
凤巢	凤巢其它	14	凤巢新样式	8
凤巢	凤巢其它	14	凤巢医疗八准信息收集	47
凤巢	凤巢其它	14	凤巢原生API	38
凤巢	凤巢其它	14	凤巢知识素材库	82
凤巢	凤巢其它	14	神农	65
凤巢	凤巢其它	14	图片凤巢产品	72
凤巢	凤巢其它	14	网页投放类关键词	21
凤巢	凤巢其它	14	线索通	53
凤巢	凤巢其它	14	营销素材库	52
凤巢	凤巢其它	14	知识营销	73
凤巢	凤巢闪投	6	凤巢闪投	3
凤巢	共享图片库	7	共享图片库	35
凤巢	竞秀蹊径独秀	10	凤巢独秀,泛品牌	24
凤巢	竞秀蹊径独秀	10	凤巢竞秀	51
凤巢	竞秀蹊径独秀	10	凤巢无线蹊径	13
凤巢	竞秀蹊径独秀	10	凤巢蹊径 	10
凤巢	聚屏	9	JUPING_GD_ZTC	109
凤巢	聚屏	9	聚屏	99
凤巢	聚屏	9	聚屏风巢	81
凤巢	视频凤巢	12	视频凤巢元素	100
凤巢	图片凤巢29	4	凤巢图片素材库	29
凤巢	图片凤巢67	5	凤巢图片素材库	67
凤巢	图片素材库文字子链	3	图片素材库文字子链	31
凤巢	行业定投&动态创意	8	凤巢动态创意	12
凤巢	行业定投&动态创意	8	网页投放，url定向创意	20
凤巢	行业定投&动态创意	8	行业定投	43
凤巢	移动营销页	11	移动营销页	36
闪投	PC闪投	20	闪投	30
闪投	PC闪投	20	闪投导航	45
闪投	PC闪投	20	闪投无图创意	102
闪投	闪投百意推广	23	闪投百意推广	91
闪投	闪投电商推广	22	闪投电商推广-商品计划	34
闪投	闪投电商推广	22	闪投图片库	103
闪投	闪投商品计划	21	SHANTOU_FEED_DPA_APP	106
闪投	闪投商品计划	21	SHANTOU_FEED_DPA_TUWEN	105
闪投	闪投商品计划	21	闪投商品计划	44
闪投	闪投商品计划	21	闪投商品计划APP下载	80
网盟	网盟	29	百意	54
网盟	网盟	29	网盟BES	6
熊掌号	熊掌号	19	熊掌号-商品	94
熊掌号	熊掌号	19	熊掌号-文章	93
熊掌号	熊掌号	19	熊掌号-营销页	95
一级产品线-马丽菲	二级产品线D马丽菲	156	123	98
医疗商家号	疾病基础	39	医疗商家号疾病基础	126
医疗商家号	疾病延展	40	医疗商家号疾病延展	127
医疗商家号	文章页	35	医疗商家号文章页	122
医疗商家号	医院基础	36	医疗商家号医院基础	123
医疗商家号	医院延展	37	医疗商家号医院延展	124
医疗商家号	营销页	34	医疗商家号营销页	121
直通车	凤巢直通车	24	凤巢无线直通车	18
直通车	凤巢直通车	24	凤巢直通车	17
直通车	直通车自提	25	本地广告13023样式	86
直通车	直通车自提	25	凤巢本地直通车	37
直通车	直通车自提	25	直通车CPC传统创意	76
直通车	直通车自提	25	直通车医疗素材库	107
2018-09-13 08:06:07[DEBUG][31]code change sucess ,content:Feed	GD	16	GD手百app下载	61
Feed	GD	16	GD手百视频,图集	60
Feed	GD	16	GD手机百度图文	57
Feed	GD	16	GD贴吧pc	58
Feed	GD	16	GD贴吧wap+app非下载	63
Feed	信息流组件审核	18	信息流组件审核	113
Feed	原生	15	SJXZH_WENZHANG_NEW	104
Feed	原生	15	feed视频下载	96
Feed	原生	15	凤巢信息流APP下载	27
Feed	原生	15	凤巢信息流贴吧图文	28
Feed	原生	15	凤巢信息流图文	26
Feed	原生	15	视频广告平台	50
Feed	原生	15	手百app	55
Feed	原生	15	手百图文	40
Feed	原生	15	通投video	89
Feed	原生	15	通投链接	87
Feed	原生	15	通投下载	88
Feed	原生	15	浏览器图文	42
Feed	直通车feed	17	直通车feed	112
凤巢	PC凤巢	1	PC凤巢	0
凤巢	凤巢其它	14	百度丝路	74
凤巢	凤巢其它	14	本地凤巢共享落地页	66
凤巢	凤巢其它	14	凤巢八准	48
凤巢	凤巢其它	14	凤巢好词快投	25
凤巢	凤巢其它	14	凤巢门店推广	39
凤巢	凤巢其它	14	凤巢新样式	8
凤巢	凤巢其它	14	凤巢医疗八准信息收集	47
凤巢	凤巢其它	14	凤巢原生API	38
凤巢	凤巢其它	14	凤巢知识素材库	82
凤巢	凤巢其它	14	神农	65
凤巢	凤巢其它	14	图片凤巢产品	72
凤巢	凤巢其它	14	网页投放类关键词	21
凤巢	凤巢其它	14	线索通	53
凤巢	凤巢其它	14	营销素材库	52
凤巢	凤巢其它	14	知识营销	73
凤巢	凤巢闪投	6	凤巢闪投	3
凤巢	共享图片库	7	共享图片库	35
凤巢	竞秀蹊径独秀	10	凤巢独秀,泛品牌	24
凤巢	竞秀蹊径独秀	10	凤巢竞秀	51
凤巢	竞秀蹊径独秀	10	凤巢无线蹊径	13
凤巢	竞秀蹊径独秀	10	凤巢蹊径 	10
凤巢	聚屏	9	JUPING_GD_ZTC	109
凤巢	聚屏	9	聚屏	99
凤巢	聚屏	9	聚屏风巢	81
凤巢	视频凤巢	12	视频凤巢元素	100
凤巢	图片凤巢29	4	凤巢图片素材库	29
凤巢	图片凤巢67	5	凤巢图片素材库	67
凤巢	图片素材库文字子链	3	图片素材库文字子链	31
凤巢	行业定投&动态创意	8	凤巢动态创意	12
凤巢	行业定投&动态创意	8	网页投放，url定向创意	20
凤巢	行业定投&动态创意	8	行业定投	43
凤巢	移动营销页	11	移动营销页	36
闪投	PC闪投	20	闪投	30
闪投	PC闪投	20	闪投导航	45
闪投	PC闪投	20	闪投无图创意	102
闪投	闪投百意推广	23	闪投百意推广	91
闪投	闪投电商推广	22	闪投电商推广-商品计划	34
闪投	闪投电商推广	22	闪投图片库	103
闪投	闪投商品计划	21	SHANTOU_FEED_DPA_APP	106
闪投	闪投商品计划	21	SHANTOU_FEED_DPA_TUWEN	105
闪投	闪投商品计划	21	闪投商品计划	44
闪投	闪投商品计划	21	闪投商品计划APP下载	80
网盟	网盟	29	百意	54
网盟	网盟	29	网盟BES	6
熊掌号	熊掌号	19	熊掌号-商品	94
熊掌号	熊掌号	19	熊掌号-文章	93
熊掌号	熊掌号	19	熊掌号-营销页	95
一级产品线-马丽菲	二级产品线D马丽菲	156	123	98
医疗商家号	疾病基础	39	医疗商家号疾病基础	126
医疗商家号	疾病延展	40	医疗商家号疾病延展	127
医疗商家号	文章页	35	医疗商家号文章页	122
医疗商家号	医院基础	36	医疗商家号医院基础	123
医疗商家号	医院延展	37	医疗商家号医院延展	124
医疗商家号	营销页	34	医疗商家号营销页	121
直通车	凤巢直通车	24	凤巢无线直通车	18
直通车	凤巢直通车	24	凤巢直通车	17
直通车	直通车自提	25	本地广告13023样式	86
直通车	直通车自提	25	凤巢本地直通车	37
直通车	直通车自提	25	直通车CPC传统创意	76
直通车	直通车自提	25	直通车医疗素材库	107
2018-09-13 08:06:43[DEBUG][31]code change sucess ,content:Feed	GD	16	GD手百app下载	61
Feed	GD	16	GD手百视频,图集	60
Feed	GD	16	GD手机百度图文	57
Feed	GD	16	GD贴吧pc	58
Feed	GD	16	GD贴吧wap+app非下载	63
Feed	信息流组件审核	18	信息流组件审核	113
Feed	原生	15	SJXZH_WENZHANG_NEW	104
Feed	原生	15	feed视频下载	96
Feed	原生	15	凤巢信息流APP下载	27
Feed	原生	15	凤巢信息流贴吧图文	28
Feed	原生	15	凤巢信息流图文	26
Feed	原生	15	视频广告平台	50
Feed	原生	15	手百app	55
Feed	原生	15	手百图文	40
Feed	原生	15	通投video	89
Feed	原生	15	通投链接	87
Feed	原生	15	通投下载	88
Feed	原生	15	浏览器图文	42
Feed	直通车feed	17	直通车feed	112
凤巢	PC凤巢	1	PC凤巢	0
凤巢	凤巢其它	14	百度丝路	74
凤巢	凤巢其它	14	本地凤巢共享落地页	66
凤巢	凤巢其它	14	凤巢八准	48
凤巢	凤巢其它	14	凤巢好词快投	25
凤巢	凤巢其它	14	凤巢门店推广	39
凤巢	凤巢其它	14	凤巢新样式	8
凤巢	凤巢其它	14	凤巢医疗八准信息收集	47
凤巢	凤巢其它	14	凤巢原生API	38
凤巢	凤巢其它	14	凤巢知识素材库	82
凤巢	凤巢其它	14	神农	65
凤巢	凤巢其它	14	图片凤巢产品	72
凤巢	凤巢其它	14	网页投放类关键词	21
凤巢	凤巢其它	14	线索通	53
凤巢	凤巢其它	14	营销素材库	52
凤巢	凤巢其它	14	知识营销	73
凤巢	凤巢闪投	6	凤巢闪投	3
凤巢	共享图片库	7	共享图片库	35
凤巢	竞秀蹊径独秀	10	凤巢独秀,泛品牌	24
凤巢	竞秀蹊径独秀	10	凤巢竞秀	51
凤巢	竞秀蹊径独秀	10	凤巢无线蹊径	13
凤巢	竞秀蹊径独秀	10	凤巢蹊径 	10
凤巢	聚屏	9	JUPING_GD_ZTC	109
凤巢	聚屏	9	聚屏	99
凤巢	聚屏	9	聚屏风巢	81
凤巢	视频凤巢	12	视频凤巢元素	100
凤巢	图片凤巢29	4	凤巢图片素材库	29
凤巢	图片凤巢67	5	凤巢图片素材库	67
凤巢	图片素材库文字子链	3	图片素材库文字子链	31
凤巢	行业定投&动态创意	8	凤巢动态创意	12
凤巢	行业定投&动态创意	8	网页投放，url定向创意	20
凤巢	行业定投&动态创意	8	行业定投	43
凤巢	移动营销页	11	移动营销页	36
闪投	PC闪投	20	闪投	30
闪投	PC闪投	20	闪投导航	45
闪投	PC闪投	20	闪投无图创意	102
闪投	闪投百意推广	23	闪投百意推广	91
闪投	闪投电商推广	22	闪投电商推广-商品计划	34
闪投	闪投电商推广	22	闪投图片库	103
闪投	闪投商品计划	21	SHANTOU_FEED_DPA_APP	106
闪投	闪投商品计划	21	SHANTOU_FEED_DPA_TUWEN	105
闪投	闪投商品计划	21	闪投商品计划	44
闪投	闪投商品计划	21	闪投商品计划APP下载	80
网盟	网盟	29	百意	54
网盟	网盟	29	网盟BES	6
熊掌号	熊掌号	19	熊掌号-商品	94
熊掌号	熊掌号	19	熊掌号-文章	93
熊掌号	熊掌号	19	熊掌号-营销页	95
一级产品线-马丽菲	二级产品线D马丽菲	156	123	98
医疗商家号	疾病基础	39	医疗商家号疾病基础	126
医疗商家号	疾病延展	40	医疗商家号疾病延展	127
医疗商家号	文章页	35	医疗商家号文章页	122
医疗商家号	医院基础	36	医疗商家号医院基础	123
医疗商家号	医院延展	37	医疗商家号医院延展	124
医疗商家号	营销页	34	医疗商家号营销页	121
直通车	凤巢直通车	24	凤巢无线直通车	18
直通车	凤巢直通车	24	凤巢直通车	17
直通车	直通车自提	25	本地广告13023样式	86
直通车	直通车自提	25	凤巢本地直通车	37
直通车	直通车自提	25	直通车CPC传统创意	76
直通车	直通车自提	25	直通车医疗素材库	107
2018-09-13 08:07:54[DEBUG][31]code change sucess ,content:Feed	GD	16	GD手百app下载	61
Feed	GD	16	GD手百视频,图集	60
Feed	GD	16	GD手机百度图文	57
Feed	GD	16	GD贴吧pc	58
Feed	GD	16	GD贴吧wap+app非下载	63
Feed	信息流组件审核	18	信息流组件审核	113
Feed	原生	15	SJXZH_WENZHANG_NEW	104
Feed	原生	15	feed视频下载	96
Feed	原生	15	凤巢信息流APP下载	27
Feed	原生	15	凤巢信息流贴吧图文	28
Feed	原生	15	凤巢信息流图文	26
Feed	原生	15	视频广告平台	50
Feed	原生	15	手百app	55
Feed	原生	15	手百图文	40
Feed	原生	15	通投video	89
Feed	原生	15	通投链接	87
Feed	原生	15	通投下载	88
Feed	原生	15	浏览器图文	42
Feed	直通车feed	17	直通车feed	112
凤巢	PC凤巢	1	PC凤巢	0
凤巢	凤巢其它	14	百度丝路	74
凤巢	凤巢其它	14	本地凤巢共享落地页	66
凤巢	凤巢其它	14	凤巢八准	48
凤巢	凤巢其它	14	凤巢好词快投	25
凤巢	凤巢其它	14	凤巢门店推广	39
凤巢	凤巢其它	14	凤巢新样式	8
凤巢	凤巢其它	14	凤巢医疗八准信息收集	47
凤巢	凤巢其它	14	凤巢原生API	38
凤巢	凤巢其它	14	凤巢知识素材库	82
凤巢	凤巢其它	14	神农	65
凤巢	凤巢其它	14	图片凤巢产品	72
凤巢	凤巢其它	14	网页投放类关键词	21
凤巢	凤巢其它	14	线索通	53
凤巢	凤巢其它	14	营销素材库	52
凤巢	凤巢其它	14	知识营销	73
凤巢	凤巢闪投	6	凤巢闪投	3
凤巢	共享图片库	7	共享图片库	35
凤巢	竞秀蹊径独秀	10	凤巢独秀,泛品牌	24
凤巢	竞秀蹊径独秀	10	凤巢竞秀	51
凤巢	竞秀蹊径独秀	10	凤巢无线蹊径	13
凤巢	竞秀蹊径独秀	10	凤巢蹊径 	10
凤巢	聚屏	9	JUPING_GD_ZTC	109
凤巢	聚屏	9	聚屏	99
凤巢	聚屏	9	聚屏风巢	81
凤巢	视频凤巢	12	视频凤巢元素	100
凤巢	图片凤巢29	4	凤巢图片素材库	29
凤巢	图片凤巢67	5	凤巢图片素材库	67
凤巢	图片素材库文字子链	3	图片素材库文字子链	31
凤巢	行业定投&动态创意	8	凤巢动态创意	12
凤巢	行业定投&动态创意	8	网页投放，url定向创意	20
凤巢	行业定投&动态创意	8	行业定投	43
凤巢	移动营销页	11	移动营销页	36
闪投	PC闪投	20	闪投	30
闪投	PC闪投	20	闪投导航	45
闪投	PC闪投	20	闪投无图创意	102
闪投	闪投百意推广	23	闪投百意推广	91
闪投	闪投电商推广	22	闪投电商推广-商品计划	34
闪投	闪投电商推广	22	闪投图片库	103
闪投	闪投商品计划	21	SHANTOU_FEED_DPA_APP	106
闪投	闪投商品计划	21	SHANTOU_FEED_DPA_TUWEN	105
闪投	闪投商品计划	21	闪投商品计划	44
闪投	闪投商品计划	21	闪投商品计划APP下载	80
网盟	网盟	29	百意	54
网盟	网盟	29	网盟BES	6
熊掌号	熊掌号	19	熊掌号-商品	94
熊掌号	熊掌号	19	熊掌号-文章	93
熊掌号	熊掌号	19	熊掌号-营销页	95
一级产品线-马丽菲	二级产品线D马丽菲	156	123	98
医疗商家号	疾病基础	39	医疗商家号疾病基础	126
医疗商家号	疾病延展	40	医疗商家号疾病延展	127
医疗商家号	文章页	35	医疗商家号文章页	122
医疗商家号	医院基础	36	医疗商家号医院基础	123
医疗商家号	医院延展	37	医疗商家号医院延展	124
医疗商家号	营销页	34	医疗商家号营销页	121
直通车	凤巢直通车	24	凤巢无线直通车	18
直通车	凤巢直通车	24	凤巢直通车	17
直通车	直通车自提	25	本地广告13023样式	86
直通车	直通车自提	25	凤巢本地直通车	37
直通车	直通车自提	25	直通车CPC传统创意	76
直通车	直通车自提	25	直通车医疗素材库	107

2018-09-13 08:08:18[DEBUG][31]code change sucess ,content:Feed	GD	16	GD手百app下载	61
Feed	GD	16	GD手百视频,图集	60
Feed	GD	16	GD手机百度图文	57
Feed	GD	16	GD贴吧pc	58
Feed	GD	16	GD贴吧wap+app非下载	63
Feed	信息流组件审核	18	信息流组件审核	113
Feed	原生	15	SJXZH_WENZHANG_NEW	104
Feed	原生	15	feed视频下载	96
Feed	原生	15	凤巢信息流APP下载	27
Feed	原生	15	凤巢信息流贴吧图文	28
Feed	原生	15	凤巢信息流图文	26
Feed	原生	15	视频广告平台	50
Feed	原生	15	手百app	55
Feed	原生	15	手百图文	40
Feed	原生	15	通投video	89
Feed	原生	15	通投链接	87
Feed	原生	15	通投下载	88
Feed	原生	15	浏览器图文	42
Feed	直通车feed	17	直通车feed	112
凤巢	PC凤巢	1	PC凤巢	0
凤巢	凤巢其它	14	百度丝路	74
凤巢	凤巢其它	14	本地凤巢共享落地页	66
凤巢	凤巢其它	14	凤巢八准	48
凤巢	凤巢其它	14	凤巢好词快投	25
凤巢	凤巢其它	14	凤巢门店推广	39
凤巢	凤巢其它	14	凤巢新样式	8
凤巢	凤巢其它	14	凤巢医疗八准信息收集	47
凤巢	凤巢其它	14	凤巢原生API	38
凤巢	凤巢其它	14	凤巢知识素材库	82
凤巢	凤巢其它	14	神农	65
凤巢	凤巢其它	14	图片凤巢产品	72
凤巢	凤巢其它	14	网页投放类关键词	21
凤巢	凤巢其它	14	线索通	53
凤巢	凤巢其它	14	营销素材库	52
凤巢	凤巢其它	14	知识营销	73
凤巢	凤巢闪投	6	凤巢闪投	3
凤巢	共享图片库	7	共享图片库	35
凤巢	竞秀蹊径独秀	10	凤巢独秀,泛品牌	24
凤巢	竞秀蹊径独秀	10	凤巢竞秀	51
凤巢	竞秀蹊径独秀	10	凤巢无线蹊径	13
凤巢	竞秀蹊径独秀	10	凤巢蹊径 	10
凤巢	聚屏	9	JUPING_GD_ZTC	109
凤巢	聚屏	9	聚屏	99
凤巢	聚屏	9	聚屏风巢	81
凤巢	视频凤巢	12	视频凤巢元素	100
凤巢	图片凤巢29	4	凤巢图片素材库	29
凤巢	图片凤巢67	5	凤巢图片素材库	67
凤巢	图片素材库文字子链	3	图片素材库文字子链	31
凤巢	行业定投&动态创意	8	凤巢动态创意	12
凤巢	行业定投&动态创意	8	网页投放，url定向创意	20
凤巢	行业定投&动态创意	8	行业定投	43
凤巢	移动营销页	11	移动营销页	36
闪投	PC闪投	20	闪投	30
闪投	PC闪投	20	闪投导航	45
闪投	PC闪投	20	闪投无图创意	102
闪投	闪投百意推广	23	闪投百意推广	91
闪投	闪投电商推广	22	闪投电商推广-商品计划	34
闪投	闪投电商推广	22	闪投图片库	103
闪投	闪投商品计划	21	SHANTOU_FEED_DPA_APP	106
闪投	闪投商品计划	21	SHANTOU_FEED_DPA_TUWEN	105
闪投	闪投商品计划	21	闪投商品计划	44
闪投	闪投商品计划	21	闪投商品计划APP下载	80
网盟	网盟	29	百意	54
网盟	网盟	29	网盟BES	6
熊掌号	熊掌号	19	熊掌号-商品	94
熊掌号	熊掌号	19	熊掌号-文章	93
熊掌号	熊掌号	19	熊掌号-营销页	95
一级产品线-马丽菲	二级产品线D马丽菲	156	123	98
医疗商家号	疾病基础	39	医疗商家号疾病基础	126
医疗商家号	疾病延展	40	医疗商家号疾病延展	127
医疗商家号	文章页	35	医疗商家号文章页	122
医疗商家号	医院基础	36	医疗商家号医院基础	123
医疗商家号	医院延展	37	医疗商家号医院延展	124
医疗商家号	营销页	34	医疗商家号营销页	121
直通车	凤巢直通车	24	凤巢无线直通车	18
直通车	凤巢直通车	24	凤巢直通车	17
直通车	直通车自提	25	本地广告13023样式	86
直通车	直通车自提	25	凤巢本地直通车	37
直通车	直通车自提	25	直通车CPC传统创意	76
直通车	直通车自提	25	直通车医疗素材库	107

2018-09-13 08:09:44[DEBUG][31]code change sucess ,content:Feed	GD	16	GD手百app下载	61
Feed	GD	16	GD手百视频,图集	60
Feed	GD	16	GD手机百度图文	57
Feed	GD	16	GD贴吧pc	58
Feed	GD	16	GD贴吧wap+app非下载	63
Feed	信息流组件审核	18	信息流组件审核	113
Feed	原生	15	SJXZH_WENZHANG_NEW	104
Feed	原生	15	feed视频下载	96
Feed	原生	15	凤巢信息流APP下载	27
Feed	原生	15	凤巢信息流贴吧图文	28
Feed	原生	15	凤巢信息流图文	26
Feed	原生	15	视频广告平台	50
Feed	原生	15	手百app	55
Feed	原生	15	手百图文	40
Feed	原生	15	通投video	89
Feed	原生	15	通投链接	87
Feed	原生	15	通投下载	88
Feed	原生	15	浏览器图文	42
Feed	直通车feed	17	直通车feed	112
凤巢	PC凤巢	1	PC凤巢	0
凤巢	凤巢其它	14	百度丝路	74
凤巢	凤巢其它	14	本地凤巢共享落地页	66
凤巢	凤巢其它	14	凤巢八准	48
凤巢	凤巢其它	14	凤巢好词快投	25
凤巢	凤巢其它	14	凤巢门店推广	39
凤巢	凤巢其它	14	凤巢新样式	8
凤巢	凤巢其它	14	凤巢医疗八准信息收集	47
凤巢	凤巢其它	14	凤巢原生API	38
凤巢	凤巢其它	14	凤巢知识素材库	82
凤巢	凤巢其它	14	神农	65
凤巢	凤巢其它	14	图片凤巢产品	72
凤巢	凤巢其它	14	网页投放类关键词	21
凤巢	凤巢其它	14	线索通	53
凤巢	凤巢其它	14	营销素材库	52
凤巢	凤巢其它	14	知识营销	73
凤巢	凤巢闪投	6	凤巢闪投	3
凤巢	共享图片库	7	共享图片库	35
凤巢	竞秀蹊径独秀	10	凤巢独秀,泛品牌	24
凤巢	竞秀蹊径独秀	10	凤巢竞秀	51
凤巢	竞秀蹊径独秀	10	凤巢无线蹊径	13
凤巢	竞秀蹊径独秀	10	凤巢蹊径 	10
凤巢	聚屏	9	JUPING_GD_ZTC	109
凤巢	聚屏	9	聚屏	99
凤巢	聚屏	9	聚屏风巢	81
凤巢	视频凤巢	12	视频凤巢元素	100
凤巢	图片凤巢29	4	凤巢图片素材库	29
凤巢	图片凤巢67	5	凤巢图片素材库	67
凤巢	图片素材库文字子链	3	图片素材库文字子链	31
凤巢	行业定投&动态创意	8	凤巢动态创意	12
凤巢	行业定投&动态创意	8	网页投放，url定向创意	20
凤巢	行业定投&动态创意	8	行业定投	43
凤巢	移动营销页	11	移动营销页	36
闪投	PC闪投	20	闪投	30
闪投	PC闪投	20	闪投导航	45
闪投	PC闪投	20	闪投无图创意	102
闪投	闪投百意推广	23	闪投百意推广	91
闪投	闪投电商推广	22	闪投电商推广-商品计划	34
闪投	闪投电商推广	22	闪投图片库	103
闪投	闪投商品计划	21	SHANTOU_FEED_DPA_APP	106
闪投	闪投商品计划	21	SHANTOU_FEED_DPA_TUWEN	105
闪投	闪投商品计划	21	闪投商品计划	44
闪投	闪投商品计划	21	闪投商品计划APP下载	80
网盟	网盟	29	百意	54
网盟	网盟	29	网盟BES	6
熊掌号	熊掌号	19	熊掌号-商品	94
熊掌号	熊掌号	19	熊掌号-文章	93
熊掌号	熊掌号	19	熊掌号-营销页	95
一级产品线-马丽菲	二级产品线D马丽菲	156	123	98
医疗商家号	疾病基础	39	医疗商家号疾病基础	126
医疗商家号	疾病延展	40	医疗商家号疾病延展	127
医疗商家号	文章页	35	医疗商家号文章页	122
医疗商家号	医院基础	36	医疗商家号医院基础	123
医疗商家号	医院延展	37	医疗商家号医院延展	124
医疗商家号	营销页	34	医疗商家号营销页	121
直通车	凤巢直通车	24	凤巢无线直通车	18
直通车	凤巢直通车	24	凤巢直通车	17
直通车	直通车自提	25	本地广告13023样式	86
直通车	直通车自提	25	凤巢本地直通车	37
直通车	直通车自提	25	直通车CPC传统创意	76
直通车	直通车自提	25	直通车医疗素材库	107

2018-09-13 08:09:58[DEBUG][31]code change sucess ,content:Feed	GD	16	GD手百app下载	61
Feed	GD	16	GD手百视频,图集	60
Feed	GD	16	GD手机百度图文	57
Feed	GD	16	GD贴吧pc	58
Feed	GD	16	GD贴吧wap+app非下载	63
Feed	信息流组件审核	18	信息流组件审核	113
Feed	原生	15	SJXZH_WENZHANG_NEW	104
Feed	原生	15	feed视频下载	96
Feed	原生	15	凤巢信息流APP下载	27
Feed	原生	15	凤巢信息流贴吧图文	28
Feed	原生	15	凤巢信息流图文	26
Feed	原生	15	视频广告平台	50
Feed	原生	15	手百app	55
Feed	原生	15	手百图文	40
Feed	原生	15	通投video	89
Feed	原生	15	通投链接	87
Feed	原生	15	通投下载	88
Feed	原生	15	浏览器图文	42
Feed	直通车feed	17	直通车feed	112
凤巢	PC凤巢	1	PC凤巢	0
凤巢	凤巢其它	14	百度丝路	74
凤巢	凤巢其它	14	本地凤巢共享落地页	66
凤巢	凤巢其它	14	凤巢八准	48
凤巢	凤巢其它	14	凤巢好词快投	25
凤巢	凤巢其它	14	凤巢门店推广	39
凤巢	凤巢其它	14	凤巢新样式	8
凤巢	凤巢其它	14	凤巢医疗八准信息收集	47
凤巢	凤巢其它	14	凤巢原生API	38
凤巢	凤巢其它	14	凤巢知识素材库	82
凤巢	凤巢其它	14	神农	65
凤巢	凤巢其它	14	图片凤巢产品	72
凤巢	凤巢其它	14	网页投放类关键词	21
凤巢	凤巢其它	14	线索通	53
凤巢	凤巢其它	14	营销素材库	52
凤巢	凤巢其它	14	知识营销	73
凤巢	凤巢闪投	6	凤巢闪投	3
凤巢	共享图片库	7	共享图片库	35
凤巢	竞秀蹊径独秀	10	凤巢独秀,泛品牌	24
凤巢	竞秀蹊径独秀	10	凤巢竞秀	51
凤巢	竞秀蹊径独秀	10	凤巢无线蹊径	13
凤巢	竞秀蹊径独秀	10	凤巢蹊径 	10
凤巢	聚屏	9	JUPING_GD_ZTC	109
凤巢	聚屏	9	聚屏	99
凤巢	聚屏	9	聚屏风巢	81
凤巢	视频凤巢	12	视频凤巢元素	100
凤巢	图片凤巢29	4	凤巢图片素材库	29
凤巢	图片凤巢67	5	凤巢图片素材库	67
凤巢	图片素材库文字子链	3	图片素材库文字子链	31
凤巢	行业定投&动态创意	8	凤巢动态创意	12
凤巢	行业定投&动态创意	8	网页投放，url定向创意	20
凤巢	行业定投&动态创意	8	行业定投	43
凤巢	移动营销页	11	移动营销页	36
闪投	PC闪投	20	闪投	30
闪投	PC闪投	20	闪投导航	45
闪投	PC闪投	20	闪投无图创意	102
闪投	闪投百意推广	23	闪投百意推广	91
闪投	闪投电商推广	22	闪投电商推广-商品计划	34
闪投	闪投电商推广	22	闪投图片库	103
闪投	闪投商品计划	21	SHANTOU_FEED_DPA_APP	106
闪投	闪投商品计划	21	SHANTOU_FEED_DPA_TUWEN	105
闪投	闪投商品计划	21	闪投商品计划	44
闪投	闪投商品计划	21	闪投商品计划APP下载	80
网盟	网盟	29	百意	54
网盟	网盟	29	网盟BES	6
熊掌号	熊掌号	19	熊掌号-商品	94
熊掌号	熊掌号	19	熊掌号-文章	93
熊掌号	熊掌号	19	熊掌号-营销页	95
一级产品线-马丽菲	二级产品线D马丽菲	156	123	98
医疗商家号	疾病基础	39	医疗商家号疾病基础	126
医疗商家号	疾病延展	40	医疗商家号疾病延展	127
医疗商家号	文章页	35	医疗商家号文章页	122
医疗商家号	医院基础	36	医疗商家号医院基础	123
医疗商家号	医院延展	37	医疗商家号医院延展	124
医疗商家号	营销页	34	医疗商家号营销页	121
直通车	凤巢直通车	24	凤巢无线直通车	18
直通车	凤巢直通车	24	凤巢直通车	17
直通车	直通车自提	25	本地广告13023样式	86
直通车	直通车自提	25	凤巢本地直通车	37
直通车	直通车自提	25	直通车CPC传统创意	76
直通车	直通车自提	25	直通车医疗素材库	107

