2018-09-07 10:36:05[DEBUG][31] file content obtain sucess :jsonlift.inc
2018-09-07 10:36:05[DEBUG][31] file content obtain sucess :jsonrift.inc
2018-09-07 10:36:49[DEBUG][31] file content obtain sucess :jsonlift.inc
2018-09-07 10:36:49[DEBUG][31] file content obtain sucess :jsonrift.inc
2018-09-07 10:39:09[DEBUG][31] file content obtain sucess :jsonlift.inc
2018-09-07 10:39:09[DEBUG][31] file content obtain sucess :jsonrift.inc
2018-09-07 10:39:27[DEBUG][31] file content obtain sucess :jsonlift.inc
2018-09-07 10:39:27[DEBUG][31] file content obtain sucess :jsonrift.inc
2018-09-07 10:39:46[DEBUG][31] file content obtain sucess :jsonlift.inc
2018-09-07 10:39:46[DEBUG][31] file content obtain sucess :jsonrift.inc
2018-09-07 10:40:05[DEBUG][31] file content obtain sucess :jsonlift.inc
2018-09-07 10:40:05[DEBUG][31] file content obtain sucess :jsonrift.inc
2018-09-07 10:40:27[DEBUG][31] file content obtain sucess :jsonlift.inc
2018-09-07 10:40:27[DEBUG][31] file content obtain sucess :jsonrift.inc
2018-09-07 10:41:16[DEBUG][31] file content obtain sucess :jsonlift.inc
2018-09-07 10:41:16[DEBUG][31] file content obtain sucess :jsonrift.inc
2018-09-07 10:41:25[DEBUG][31] file content obtain sucess :jsonlift.inc
2018-09-07 10:41:25[DEBUG][31] file content obtain sucess :jsonrift.inc
2018-09-07 10:44:27[DEBUG][31] file content obtain sucess :jsonlift.inc
2018-09-07 10:44:27[DEBUG][31] file content obtain sucess :jsonrift.inc
2018-09-07 10:45:03[DEBUG][31] file content obtain sucess :jsonlift.inc
2018-09-07 10:45:03[DEBUG][31] file content obtain sucess :jsonrift.inc
2018-09-07 10:45:11[DEBUG][31] file content obtain sucess :jsonlift.inc
2018-09-07 10:45:11[DEBUG][31] file content obtain sucess :jsonrift.inc
2018-09-07 10:48:38[DEBUG][31] file content obtain sucess :jsonlift.inc
2018-09-07 10:48:38[DEBUG][31] file content obtain sucess :jsonrift.inc
2018-09-07 10:49:16[DEBUG][31] file content obtain sucess :jsonlift.inc
2018-09-07 10:49:16[DEBUG][31] file content obtain sucess :jsonrift.inc
2018-09-07 10:51:03[DEBUG][31] file content obtain sucess :jsonlift.inc
2018-09-07 10:51:03[DEBUG][31] file content obtain sucess :jsonrift.inc
2018-09-07 10:53:20[DEBUG][31] file content obtain sucess :jsonlift.inc
2018-09-07 10:53:20[DEBUG][31] file content obtain sucess :jsonrift.inc
2018-09-07 10:53:44[DEBUG][31] file content obtain sucess :jsonlift.inc
2018-09-07 10:53:44[DEBUG][31] file content obtain sucess :jsonrift.inc
2018-09-07 10:56:05[DEBUG][31] file content obtain sucess :jsonlift.inc
2018-09-07 10:56:05[DEBUG][31] file content obtain sucess :jsonrift.inc
2018-09-07 10:58:03[DEBUG][31] file content obtain sucess :jsonlift.inc
2018-09-07 10:58:03[DEBUG][31] file content obtain sucess :jsonrift.inc
2018-09-07 11:04:23[DEBUG][31] file content obtain sucess :jsonlift.inc
2018-09-07 11:04:23[DEBUG][31] file content obtain sucess :jsonrift.inc
2018-09-07 11:04:55[DEBUG][31] file content obtain sucess :jsonlift.inc
2018-09-07 11:04:55[DEBUG][31] file content obtain sucess :jsonrift.inc
2018-09-07 11:05:44[DEBUG][31] file content obtain sucess :jsonlift.inc
2018-09-07 11:05:44[DEBUG][31] file content obtain sucess :jsonrift.inc
2018-09-07 11:05:55[DEBUG][31] file content obtain sucess :jsonlift.inc
2018-09-07 11:05:55[DEBUG][31] file content obtain sucess :jsonrift.inc
2018-09-07 11:07:23[DEBUG][31] file content obtain sucess :jsonlift.inc
2018-09-07 11:07:23[DEBUG][31] file content obtain sucess :jsonrift.inc
2018-09-07 11:07:59[DEBUG][31] file content obtain sucess :jsonlift.inc
2018-09-07 11:07:59[DEBUG][31] file content obtain sucess :jsonrift.inc
2018-09-07 11:30:24[DEBUG][31] file content obtain sucess :jsonlift.inc
2018-09-07 11:30:24[DEBUG][31] file content obtain sucess :jsonrift.inc
2018-09-07 11:33:36[DEBUG][31] file content obtain sucess :jsonlift.inc
2018-09-07 11:33:36[DEBUG][31] file content obtain sucess :jsonrift.inc
2018-09-07 11:34:02[DEBUG][31] file content obtain sucess :jsonlift.inc
2018-09-07 11:34:02[DEBUG][31] file content obtain sucess :jsonrift.inc
2018-09-07 11:34:14[DEBUG][31] file content obtain sucess :jsonlift.inc
2018-09-07 11:34:14[DEBUG][31] file content obtain sucess :jsonrift.inc
2018-09-07 11:34:27[DEBUG][31] file content obtain sucess :jsonlift.inc
2018-09-07 11:34:27[DEBUG][31] file content obtain sucess :jsonrift.inc
2018-09-07 11:37:54[DEBUG][31] file content obtain sucess :jsonlift.inc
2018-09-07 11:37:54[DEBUG][31] file content obtain sucess :jsonrift.inc
2018-09-07 11:37:59[DEBUG][31] file content obtain sucess :jsonlift.inc
2018-09-07 11:37:59[DEBUG][31] file content obtain sucess :jsonrift.inc
2018-09-09 11:50:53[DEBUG][31] file content obtain sucess :xmlfile.inc
2018-09-09 11:51:27[DEBUG][31] file content obtain sucess :xmlfile.inc
2018-09-09 11:52:12[DEBUG][31] file content obtain sucess :xmlfile.inc
2018-09-09 11:52:31[DEBUG][31] file content obtain sucess :xmlfile.inc
2018-09-09 11:57:01[DEBUG][31] file content obtain sucess :xmlfile.inc
2018-09-09 11:57:56[DEBUG][31] file content obtain sucess :xmlfile.inc
2018-09-09 11:58:26[DEBUG][31] file content obtain sucess :xmlfile.inc
2018-09-09 11:59:00[DEBUG][31] file content obtain sucess :xmlfile.inc
2018-09-09 11:59:09[DEBUG][31] file content obtain sucess :xmlfile.inc
2018-09-09 11:59:36[DEBUG][31] file content obtain sucess :xmlfile.inc
2018-09-09 11:59:47[DEBUG][31] file content obtain sucess :xmlfile.inc
2018-09-10 05:54:11[DEBUG][31] file content obtain sucess :jsonlift.inc
2018-09-10 05:54:11[DEBUG][31] file content obtain sucess :jsonrift.inc
2018-09-10 05:56:55[DEBUG][31] file content obtain sucess :jsonlift.inc
2018-09-10 05:56:55[DEBUG][31] file content obtain sucess :jsonrift.inc
2018-09-10 05:59:34[DEBUG][31] file content obtain sucess :jsonlift.inc
2018-09-10 05:59:34[DEBUG][31] file content obtain sucess :jsonrift.inc
2018-09-10 06:00:00[DEBUG][31] file content obtain sucess :jsonlift.inc
2018-09-10 06:00:00[DEBUG][31] file content obtain sucess :jsonrift.inc
2018-09-10 06:00:18[DEBUG][31] file content obtain sucess :jsonlift.inc
2018-09-10 06:00:18[DEBUG][31] file content obtain sucess :jsonrift.inc
2018-09-10 06:33:13[DEBUG][31] file content obtain sucess :jsonlift.inc
2018-09-10 06:33:13[DEBUG][31] file content obtain sucess :jsonrift.inc
2018-09-10 06:34:21[DEBUG][31] file content obtain sucess :jsonlift.inc
2018-09-10 06:34:21[DEBUG][31] file content obtain sucess :jsonrift.inc
2018-09-10 06:34:46[DEBUG][31] file content obtain sucess :jsonlift.inc
2018-09-10 06:34:46[DEBUG][31] file content obtain sucess :jsonrift.inc
2018-09-10 06:35:40[DEBUG][31] file content obtain sucess :jsonlift.inc
2018-09-10 06:35:40[DEBUG][31] file content obtain sucess :jsonrift.inc
2018-09-10 06:36:45[DEBUG][31] file content obtain sucess :jsonlift.inc
2018-09-10 06:36:45[DEBUG][31] file content obtain sucess :jsonrift.inc
2018-09-10 06:37:27[DEBUG][31] file content obtain sucess :jsonlift.inc
2018-09-10 06:37:27[DEBUG][31] file content obtain sucess :jsonrift.inc
2018-09-10 06:37:50[DEBUG][31] file content obtain sucess :jsonlift.inc
2018-09-10 06:37:50[DEBUG][31] file content obtain sucess :jsonrift.inc
2018-09-10 06:38:10[DEBUG][31] file content obtain sucess :jsonlift.inc
2018-09-10 06:38:10[DEBUG][31] file content obtain sucess :jsonrift.inc
2018-09-10 06:39:18[DEBUG][31] file content obtain sucess :jsonlift.inc
2018-09-10 06:39:18[DEBUG][31] file content obtain sucess :jsonrift.inc
2018-09-10 06:39:37[DEBUG][31] file content obtain sucess :jsonlift.inc
2018-09-10 06:39:37[DEBUG][31] file content obtain sucess :jsonrift.inc
2018-09-10 06:40:10[DEBUG][31] file content obtain sucess :jsonlift.inc
2018-09-10 06:40:10[DEBUG][31] file content obtain sucess :jsonrift.inc
2018-09-10 06:42:58[DEBUG][31] file content obtain sucess :jsonlift.inc
2018-09-10 06:42:58[DEBUG][31] file content obtain sucess :jsonrift.inc
2018-09-10 06:43:54[DEBUG][31] file content obtain sucess :jsonlift.inc
2018-09-10 06:43:54[DEBUG][31] file content obtain sucess :jsonrift.inc
2018-09-10 06:44:24[DEBUG][31] file content obtain sucess :jsonlift.inc
2018-09-10 06:44:24[DEBUG][31] file content obtain sucess :jsonrift.inc
2018-09-10 06:46:21[DEBUG][31] file content obtain sucess :jsonlift.inc
2018-09-10 06:46:21[DEBUG][31] file content obtain sucess :jsonrift.inc
2018-09-10 06:46:43[DEBUG][31] file content obtain sucess :jsonlift.inc
2018-09-10 06:46:43[DEBUG][31] file content obtain sucess :jsonrift.inc
2018-09-10 06:47:08[DEBUG][31] file content obtain sucess :jsonlift.inc
2018-09-10 06:47:08[DEBUG][31] file content obtain sucess :jsonrift.inc
2018-09-10 06:47:49[DEBUG][31] file content obtain sucess :jsonlift.inc
2018-09-10 06:47:49[DEBUG][31] file content obtain sucess :jsonrift.inc
2018-09-10 06:48:17[DEBUG][31] file content obtain sucess :jsonlift.inc
2018-09-10 06:48:17[DEBUG][31] file content obtain sucess :jsonrift.inc
2018-09-10 06:49:23[DEBUG][31] file content obtain sucess :jsonlift.inc
2018-09-10 06:49:23[DEBUG][31] file content obtain sucess :jsonrift.inc
2018-09-10 06:49:46[DEBUG][31] file content obtain sucess :jsonlift.inc
2018-09-10 06:49:46[DEBUG][31] file content obtain sucess :jsonrift.inc
2018-09-10 06:50:05[DEBUG][31] file content obtain sucess :jsonlift.inc
2018-09-10 06:50:05[DEBUG][31] file content obtain sucess :jsonrift.inc
2018-09-10 06:50:36[DEBUG][31] file content obtain sucess :jsonlift.inc
2018-09-10 06:50:36[DEBUG][31] file content obtain sucess :jsonrift.inc
2018-09-10 06:51:00[DEBUG][31] file content obtain sucess :jsonlift.inc
2018-09-10 06:51:00[DEBUG][31] file content obtain sucess :jsonrift.inc
2018-09-10 06:51:17[DEBUG][31] file content obtain sucess :jsonlift.inc
2018-09-10 06:51:17[DEBUG][31] file content obtain sucess :jsonrift.inc
2018-09-10 06:52:10[DEBUG][31] file content obtain sucess :jsonlift.inc
2018-09-10 06:52:10[DEBUG][31] file content obtain sucess :jsonrift.inc
2018-09-10 06:53:56[DEBUG][31] file content obtain sucess :jsonlift.inc
2018-09-10 06:53:56[DEBUG][31] file content obtain sucess :jsonrift.inc
2018-09-10 06:54:24[DEBUG][31] file content obtain sucess :jsonlift.inc
2018-09-10 06:54:24[DEBUG][31] file content obtain sucess :jsonrift.inc
2018-09-10 06:56:05[DEBUG][31] file content obtain sucess :jsonlift.inc
2018-09-10 06:56:05[DEBUG][31] file content obtain sucess :jsonrift.inc
2018-09-10 06:58:15[DEBUG][31] file content obtain sucess :jsonlift.inc
2018-09-10 06:58:15[DEBUG][31] file content obtain sucess :jsonrift.inc
2018-09-10 06:59:40[DEBUG][31] file content obtain sucess :jsonlift.inc
2018-09-10 06:59:40[DEBUG][31] file content obtain sucess :jsonrift.inc
2018-09-10 07:04:52[DEBUG][31] file content obtain sucess :jsonlift.inc
2018-09-10 07:04:52[DEBUG][31] file content obtain sucess :jsonrift.inc
2018-09-10 07:06:54[DEBUG][31] file content obtain sucess :jsonlift.inc
2018-09-10 07:06:54[DEBUG][31] file content obtain sucess :jsonrift.inc
2018-09-10 07:07:10[DEBUG][31] file content obtain sucess :jsonlift.inc
2018-09-10 07:07:10[DEBUG][31] file content obtain sucess :jsonrift.inc
2018-09-10 07:12:28[DEBUG][31] file content obtain sucess :jsonlift.inc
2018-09-10 07:12:28[DEBUG][31] file content obtain sucess :jsonrift.inc
2018-09-10 07:15:50[DEBUG][31] file content obtain sucess :jsonlift.inc
2018-09-10 07:15:50[DEBUG][31] file content obtain sucess :jsonrift.inc
2018-09-10 07:23:53[DEBUG][31] file content obtain sucess :jsonlift.inc
2018-09-10 07:23:53[DEBUG][31] file content obtain sucess :jsonrift.inc
2018-09-10 07:24:48[DEBUG][31] file content obtain sucess :jsonlift.inc
2018-09-10 07:24:48[DEBUG][31] file content obtain sucess :jsonrift.inc
2018-09-10 07:25:49[DEBUG][31] file content obtain sucess :jsonlift.inc
2018-09-10 07:25:49[DEBUG][31] file content obtain sucess :jsonrift.inc
2018-09-13 08:04:58[DEBUG][31] file content obtain sucess :product_relation_bi.txt
2018-09-13 08:05:04[DEBUG][31] file content obtain sucess :product_relation_bi.txt
2018-09-13 08:05:20[DEBUG][31] file content obtain sucess :product_relation_bi.txt
2018-09-13 08:05:46[DEBUG][31] file content obtain sucess :product_relation_bi.txt
2018-09-13 08:06:07[DEBUG][31] file content obtain sucess :product_relation_bi.txt
2018-09-13 08:06:43[DEBUG][31] file content obtain sucess :product_relation_bi.txt
2018-09-13 08:07:54[DEBUG][31] file content obtain sucess :product_relation_bi.txt
2018-09-13 08:08:18[DEBUG][31] file content obtain sucess :product_relation_bi.txt
2018-09-13 08:09:44[DEBUG][31] file content obtain sucess :product_relation_bi.txt
2018-09-13 08:09:58[DEBUG][31] file content obtain sucess :product_relation_bi.txt
nihao
nihao
no
no
no
no
no
no
no
no
no
no
no
no
no
no
no
no
no
2020-06-17 04:32:56[DEBUG][34] file not found :product_relation_bi.txt
